#
# A fatal error has been detected by the Java Runtime Environment:
#
#  EXCEPTION_ACCESS_VIOLATION (0xc0000005) at pc=0x0000000000000000, pid=8088, tid=3316
#
# JRE version: OpenJDK Runtime Environment 18.9 (11.0.11+9) (build 11.0.11+9-LTS)
# Java VM: OpenJDK 64-Bit Server VM 18.9 (11.0.11+9-LTS, mixed mode, tiered, compressed oops, g1 gc, windows-amd64)
# Problematic frame:
# C  0x0000000000000000
#
# No core dump will be written. Minidumps are not enabled by default on client versions of Windows
#
# If you would like to submit a bug report, please visit:
#   https://github.com/ojdkbuild/ojdkbuild/issues
# The crash happened outside the Java Virtual Machine in native code.
# See problematic frame for where to report the bug.
#

---------------  S U M M A R Y ------------

Command Line: -Dfile.encoding=windows-1251 -Duser.country=RU -Duser.language=ru -Duser.variant ru.mirea.MireaApplication

Host: Intel(R) Pentium(R) CPU  N3540  @ 2.16GHz, 4 cores, 7G,  Windows 10 , 64 bit Build 19041 (10.0.19041.546)
Time: Mon Jul  5 06:11:08 2021 RTZ 2 (зима) elapsed time: 44.599636 seconds (0d 0h 0m 44s)

---------------  T H R E A D  ---------------

Current thread (0x0000029369dc7000):  JavaThread "jME3 Main" [_thread_in_native, id=3316, stack(0x000000f373600000,0x000000f373700000)]

Stack: [0x000000f373600000,0x000000f373700000],  sp=0x000000f3736fe998,  free space=1018k
Native frames: (J=compiled Java code, j=interpreted, Vv=VM code, C=native code)

Java frames: (J=compiled Java code, j=interpreted, Vv=VM code)
j  org.lwjgl.system.JNI.invokePPPP(IIJJJJ)J+0
j  org.lwjgl.glfw.GLFW.nglfwCreateWindow(IIJJJ)J+14
j  org.lwjgl.glfw.GLFW.glfwCreateWindow(IILjava/lang/CharSequence;JJ)J+37
j  com.jme3.system.lwjgl.LwjglWindow.createContext(Lcom/jme3/system/AppSettings;)V+325
j  com.jme3.system.lwjgl.LwjglWindow.initInThread()Z+34
j  com.jme3.system.lwjgl.LwjglWindow.run()V+32
j  com.jme3.system.lwjgl.LwjglWindow.create(Z)V+36
j  com.jme3.jfx.injfx.JmeOffscreenSurfaceContext.create(Z)V+31
j  com.jme3.app.LegacyApplication.start(Lcom/jme3/system/JmeContext$Type;Z)V+92
j  com.jme3.app.LegacyApplication.start()V+5
j  com.jme3.app.SimpleApplication.start()V+51
j  com.jme3.jfx.injfx.JmeToJfxIntegrator$$Lambda$1217.run()V+4
j  java.lang.Thread.run()V+11 java.base@11.0.11
v  ~StubRoutines::call_stub

siginfo: EXCEPTION_ACCESS_VIOLATION (0xc0000005), data execution prevention violation at address 0x0000000000000000


Register to memory mapping:

RIP=0x0 is NULL
RAX=0x0000000000010000 is an unknown value
RBX=0x0000000000010000 is an unknown value
RCX=0x2c6b6be911be0000 is an unknown value
RDX=0x0000029372b7e340 points into unknown readable memory: 0x0000000000000000 | 00 00 00 00 00 00 00 00
RSP=0x000000f3736fe998 is pointing into the stack for thread: 0x0000029369dc7000
RBP=0x000000f3736feb30 is pointing into the stack for thread: 0x0000029369dc7000
RSI=0xffffffff92011748 is an unknown value
RDI=0x0000000000000001 is an unknown value
R8 =0x0000000000000056 is an unknown value
R9 =0x0000000000000040 is an unknown value
R10=0x0000000000000040 is an unknown value
R11=0x000000f3736fe980 is pointing into the stack for thread: 0x0000029369dc7000
R12=0x0 is NULL
R13={method} {0x000002936f3b2028} 'invokePPPP' '(IIJJJJ)J' in 'org/lwjgl/system/JNI'
R14=0x0 is NULL
R15=0x0000029369dc7000 is a thread


Registers:
RAX=0x0000000000010000, RBX=0x0000000000010000, RCX=0x2c6b6be911be0000, RDX=0x0000029372b7e340
RSP=0x000000f3736fe998, RBP=0x000000f3736feb30, RSI=0xffffffff92011748, RDI=0x0000000000000001
R8 =0x0000000000000056, R9 =0x0000000000000040, R10=0x0000000000000040, R11=0x000000f3736fe980
R12=0x0000000000000000, R13=0x000002936f3b2020, R14=0x0000000000000000, R15=0x0000029369dc7000
RIP=0x0000000000000000, EFLAGS=0x0000000000010206

Top of Stack: (sp=0x000000f3736fe998)
0x000000f3736fe998:   00007ffa5e7ff24a 0000029369e32a10
0x000000f3736fe9a8:   000000f3736feb30 0000029369e32a10
0x000000f3736fe9b8:   ffffffff92011748 0000002500010028
0x000000f3736fe9c8:   0000000000001800 0000000000000000
0x000000f3736fe9d8:   0000000000000000 0000000000000000
0x000000f3736fe9e8:   0000dce9f706641e 000000f3736fea50
0x000000f3736fe9f8:   00007ffa5e7fad18 0000029369e32a10
0x000000f3736fea08:   000000f3736feb30 000000f3736fedd0
0x000000f3736fea18:   0000000000000000 0000000000000200
0x000000f3736fea28:   00007ffa5e7f6236 0000029369e32a10
0x000000f3736fea38:   0000000000000200 000002934cef1000
0x000000f3736fea48:   00007ffa5806637a 0003600100030001
0x000000f3736fea58:   0000000300000003 0000000000000001
0x000000f3736fea68:   0003200100000000 0000000000000000
0x000000f3736fea78:   0000000000000000 0000000000000000
0x000000f3736fea88:   000000f3736fed00 0000020000000200 

Instructions: (pc=0x0000000000000000)
0xffffffffffffff00:   


Stack slot to memory mapping:
stack at sp + 0 slots: 0x00007ffa5e7ff24a points into unknown readable memory: 48 8b e8 ff 15 95
stack at sp + 1 slots: 0x0000029369e32a10 points into unknown readable memory: 0x0000000000000000 | 00 00 00 00 00 00 00 00
stack at sp + 2 slots: 0x000000f3736feb30 is pointing into the stack for thread: 0x0000029369dc7000
stack at sp + 3 slots: 0x0000029369e32a10 points into unknown readable memory: 0x0000000000000000 | 00 00 00 00 00 00 00 00
stack at sp + 4 slots: 0xffffffff92011748 is an unknown value
stack at sp + 5 slots: 0x0000002500010028 is an unknown value
stack at sp + 6 slots: 0x0000000000001800 is an unknown value
stack at sp + 7 slots: 0x0 is NULL


---------------  P R O C E S S  ---------------

Threads class SMR info:
_java_thread_list=0x000002936a2c9df0, length=28, elements={
0x00000293447af800, 0x0000029362ebb800, 0x0000029362ec7000, 0x0000029363843000,
0x0000029362edd000, 0x0000029362ede000, 0x0000029362ee1000, 0x0000029362ee8800,
0x00000293638a9000, 0x00000293639bd000, 0x0000029363a22000, 0x0000029363e75800,
0x0000029364688800, 0x0000029363d75800, 0x0000029364803800, 0x0000029369205800,
0x0000029365201800, 0x0000029369dc9800, 0x0000029369dca800, 0x0000029369dc8000,
0x0000029369dc8800, 0x0000029369dcc000, 0x0000029369dc6800, 0x0000029369dcd000,
0x0000029369dc7000, 0x0000029363af7800, 0x0000029363af6800, 0x0000029369e57800
}

Java Threads: ( => current thread )
  0x00000293447af800 JavaThread "main" [_thread_blocked, id=2040, stack(0x000000f36ff00000,0x000000f370000000)]
  0x0000029362ebb800 JavaThread "Reference Handler" daemon [_thread_blocked, id=9616, stack(0x000000f370600000,0x000000f370700000)]
  0x0000029362ec7000 JavaThread "Finalizer" daemon [_thread_blocked, id=9504, stack(0x000000f370700000,0x000000f370800000)]
  0x0000029363843000 JavaThread "Signal Dispatcher" daemon [_thread_blocked, id=6352, stack(0x000000f370800000,0x000000f370900000)]
  0x0000029362edd000 JavaThread "Attach Listener" daemon [_thread_blocked, id=7764, stack(0x000000f370900000,0x000000f370a00000)]
  0x0000029362ede000 JavaThread "Service Thread" daemon [_thread_blocked, id=4000, stack(0x000000f370a00000,0x000000f370b00000)]
  0x0000029362ee1000 JavaThread "C2 CompilerThread0" daemon [_thread_in_native, id=5836, stack(0x000000f370b00000,0x000000f370c00000)]
  0x0000029362ee8800 JavaThread "C1 CompilerThread0" daemon [_thread_blocked, id=9824, stack(0x000000f370c00000,0x000000f370d00000)]
  0x00000293638a9000 JavaThread "Sweeper thread" daemon [_thread_blocked, id=5152, stack(0x000000f370d00000,0x000000f370e00000)]
  0x00000293639bd000 JavaThread "Common-Cleaner" daemon [_thread_blocked, id=9660, stack(0x000000f370f00000,0x000000f371000000)]
  0x0000029363a22000 JavaThread "JavaFX-Launcher" [_thread_blocked, id=1228, stack(0x000000f371000000,0x000000f371100000)]
  0x0000029363e75800 JavaThread "QuantumRenderer-0" daemon [_thread_blocked, id=9336, stack(0x000000f371200000,0x000000f371300000)]
  0x0000029364688800 JavaThread "InvokeLaterDispatcher" daemon [_thread_blocked, id=6432, stack(0x000000f371300000,0x000000f371400000)]
  0x0000029363d75800 JavaThread "jME3 Main" [_thread_in_native, id=6704, stack(0x000000f371400000,0x000000f371500000)]
  0x0000029364803800 JavaThread "Thread-2" daemon [_thread_in_native, id=4200, stack(0x000000f371b00000,0x000000f371c00000)]
  0x0000029369205800 JavaThread "Prism Font Disposer" daemon [_thread_blocked, id=8908, stack(0x000000f372100000,0x000000f372200000)]
  0x0000029365201800 JavaThread "Cleaner-0" daemon [_thread_blocked, id=7344, stack(0x000000f372300000,0x000000f372400000)]
  0x0000029369dc9800 JavaThread "PostgreSQL-JDBC-SharedTimer-1" daemon [_thread_blocked, id=9972, stack(0x000000f372500000,0x000000f372600000)]
  0x0000029369dca800 JavaThread "HikariPool-1 housekeeper" daemon [_thread_blocked, id=840, stack(0x000000f372600000,0x000000f372700000)]
  0x0000029369dc8000 JavaThread "Java2D Disposer" daemon [_thread_blocked, id=1748, stack(0x000000f372800000,0x000000f372900000)]
  0x0000029369dc8800 JavaThread "AWT-Windows" daemon [_thread_in_native, id=1240, stack(0x000000f372a00000,0x000000f372b00000)]
  0x0000029369dcc000 JavaThread "JFXMedia Player EventQueueThread" daemon [_thread_blocked, id=10140, stack(0x000000f372c00000,0x000000f372d00000)]
  0x0000029369dc6800 JavaThread "Media Resource Disposer" daemon [_thread_blocked, id=8052, stack(0x000000f372e00000,0x000000f372f00000)]
  0x0000029369dcd000 JavaThread "Timer-0" daemon [_thread_blocked, id=9960, stack(0x000000f373700000,0x000000f373800000)]
=>0x0000029369dc7000 JavaThread "jME3 Main" [_thread_in_native, id=3316, stack(0x000000f373600000,0x000000f373700000)]
  0x0000029363af7800 JavaThread "AWT-Shutdown" [_thread_blocked, id=9348, stack(0x000000f373800000,0x000000f373900000)]
  0x0000029363af6800 JavaThread "AWT-EventQueue-0" [_thread_in_vm, id=8744, stack(0x000000f373e00000,0x000000f373f00000)]
  0x0000029369e57800 JavaThread "C2 CompilerThread1" daemon [_thread_in_native, id=7408, stack(0x000000f373f00000,0x000000f374000000)]

Other Threads:
  0x0000029362e96000 VMThread "VM Thread" [stack: 0x000000f370500000,0x000000f370600000] [id=8228]
  0x00000293639b4800 WatcherThread [stack: 0x000000f370e00000,0x000000f370f00000] [id=6400]
  0x00000293447c8800 GCTaskThread "GC Thread#0" [stack: 0x000000f370000000,0x000000f370100000] [id=6640]
  0x0000029364226800 GCTaskThread "GC Thread#1" [stack: 0x000000f371500000,0x000000f371600000] [id=7328]
  0x0000029364227000 GCTaskThread "GC Thread#2" [stack: 0x000000f371600000,0x000000f371700000] [id=1800]
  0x0000029364228000 GCTaskThread "GC Thread#3" [stack: 0x000000f371700000,0x000000f371800000] [id=6156]
  0x00000293447fa000 ConcurrentGCThread "G1 Main Marker" [stack: 0x000000f370100000,0x000000f370200000] [id=2928]
  0x00000293447fb800 ConcurrentGCThread "G1 Conc#0" [stack: 0x000000f370200000,0x000000f370300000] [id=712]
  0x0000029362d00800 ConcurrentGCThread "G1 Refine#0" [stack: 0x000000f370300000,0x000000f370400000] [id=5852]
  0x0000029364a2a800 ConcurrentGCThread "G1 Refine#1" [stack: 0x000000f371c00000,0x000000f371d00000] [id=3412]
  0x000002936529d000 ConcurrentGCThread "G1 Refine#2" [stack: 0x000000f371d00000,0x000000f371e00000] [id=8748]
  0x0000029362d01800 ConcurrentGCThread "G1 Young RemSet Sampling" [stack: 0x000000f370400000,0x000000f370500000] [id=8104]

Threads with active compile tasks:
C2 CompilerThread0  44921 7681       4       java.lang.invoke.MethodHandle::<init> (37 bytes)
C2 CompilerThread1  44921 7682       4       java.lang.invoke.LambdaForm::prepare (112 bytes)

VM state:not at safepoint (normal execution)

VM Mutex/Monitor currently owned by a thread: None

Heap address: 0x0000000081c00000, size: 2020 MB, Compressed Oops mode: 32-bit
Narrow klass base: 0x0000000000000000, Narrow klass shift: 3
Compressed class space size: 1073741824 Address: 0x0000000100000000

Heap:
 garbage-first heap   total 131072K, used 79399K [0x0000000081c00000, 0x0000000100000000)
  region size 1024K, 18 young (18432K), 5 survivors (5120K)
 Metaspace       used 74332K, capacity 76495K, committed 76672K, reserved 1116160K
  class space    used 9663K, capacity 10585K, committed 10624K, reserved 1048576K
Heap Regions: E=young(eden), S=young(survivor), O=old, HS=humongous(starts), HC=humongous(continues), CS=collection set, F=free, A=archive, TAMS=top-at-mark-start (previous, next)
|   0|0x0000000081c00000, 0x0000000081d00000, 0x0000000081d00000|100%| O|  |TAMS 0x0000000081d00000, 0x0000000081c00000| Untracked 
|   1|0x0000000081d00000, 0x0000000081e00000, 0x0000000081e00000|100%|HS|  |TAMS 0x0000000081e00000, 0x0000000081d00000| Complete 
|   2|0x0000000081e00000, 0x0000000081f00000, 0x0000000081f00000|100%| O|  |TAMS 0x0000000081f00000, 0x0000000081e00000| Untracked 
|   3|0x0000000081f00000, 0x0000000082000000, 0x0000000082000000|100%|HS|  |TAMS 0x0000000082000000, 0x0000000081f00000| Complete 
|   4|0x0000000082000000, 0x0000000082100000, 0x0000000082100000|100%|HS|  |TAMS 0x0000000082100000, 0x0000000082000000| Complete 
|   5|0x0000000082100000, 0x0000000082200000, 0x0000000082200000|100%|HS|  |TAMS 0x0000000082200000, 0x0000000082100000| Complete 
|   6|0x0000000082200000, 0x0000000082300000, 0x0000000082300000|100%|HS|  |TAMS 0x0000000082300000, 0x0000000082200000| Complete 
|   7|0x0000000082300000, 0x0000000082400000, 0x0000000082400000|100%|HS|  |TAMS 0x0000000082400000, 0x0000000082300000| Complete 
|   8|0x0000000082400000, 0x0000000082500000, 0x0000000082500000|100%|HS|  |TAMS 0x0000000082500000, 0x0000000082400000| Complete 
|   9|0x0000000082500000, 0x0000000082600000, 0x0000000082600000|100%|HS|  |TAMS 0x0000000082600000, 0x0000000082500000| Complete 
|  10|0x0000000082600000, 0x0000000082700000, 0x0000000082700000|100%|HS|  |TAMS 0x0000000082700000, 0x0000000082600000| Complete 
|  11|0x0000000082700000, 0x0000000082800000, 0x0000000082800000|100%|HS|  |TAMS 0x0000000082800000, 0x0000000082700000| Complete 
|  12|0x0000000082800000, 0x0000000082900000, 0x0000000082900000|100%|HS|  |TAMS 0x0000000082900000, 0x0000000082800000| Complete 
|  13|0x0000000082900000, 0x0000000082a00000, 0x0000000082a00000|100%|HS|  |TAMS 0x0000000082a00000, 0x0000000082900000| Complete 
|  14|0x0000000082a00000, 0x0000000082b00000, 0x0000000082b00000|100%|HS|  |TAMS 0x0000000082b00000, 0x0000000082a00000| Complete 
|  15|0x0000000082b00000, 0x0000000082c00000, 0x0000000082c00000|100%|HS|  |TAMS 0x0000000082c00000, 0x0000000082b00000| Complete 
|  16|0x0000000082c00000, 0x0000000082d00000, 0x0000000082d00000|100%|HS|  |TAMS 0x0000000082d00000, 0x0000000082c00000| Complete 
|  17|0x0000000082d00000, 0x0000000082e00000, 0x0000000082e00000|100%|HS|  |TAMS 0x0000000082e00000, 0x0000000082d00000| Complete 
|  18|0x0000000082e00000, 0x0000000082f00000, 0x0000000082f00000|100%|HS|  |TAMS 0x0000000082f00000, 0x0000000082e00000| Complete 
|  19|0x0000000082f00000, 0x0000000083000000, 0x0000000083000000|100%|HS|  |TAMS 0x0000000083000000, 0x0000000082f00000| Complete 
|  20|0x0000000083000000, 0x0000000083100000, 0x0000000083100000|100%|HS|  |TAMS 0x0000000083100000, 0x0000000083000000| Complete 
|  21|0x0000000083100000, 0x0000000083200000, 0x0000000083200000|100%|HS|  |TAMS 0x0000000083200000, 0x0000000083100000| Complete 
|  22|0x0000000083200000, 0x0000000083300000, 0x0000000083300000|100%|HS|  |TAMS 0x0000000083300000, 0x0000000083200000| Complete 
|  23|0x0000000083300000, 0x0000000083400000, 0x0000000083400000|100%|HS|  |TAMS 0x0000000083400000, 0x0000000083300000| Complete 
|  24|0x0000000083400000, 0x0000000083500000, 0x0000000083500000|100%|HS|  |TAMS 0x0000000083500000, 0x0000000083400000| Complete 
|  25|0x0000000083500000, 0x0000000083600000, 0x0000000083600000|100%|HS|  |TAMS 0x0000000083600000, 0x0000000083500000| Complete 
|  26|0x0000000083600000, 0x0000000083700000, 0x0000000083700000|100%|HS|  |TAMS 0x0000000083700000, 0x0000000083600000| Complete 
|  27|0x0000000083700000, 0x0000000083800000, 0x0000000083800000|100%|HS|  |TAMS 0x0000000083800000, 0x0000000083700000| Complete 
|  28|0x0000000083800000, 0x0000000083900000, 0x0000000083900000|100%|HS|  |TAMS 0x0000000083900000, 0x0000000083800000| Complete 
|  29|0x0000000083900000, 0x0000000083a00000, 0x0000000083a00000|100%|HS|  |TAMS 0x0000000083a00000, 0x0000000083900000| Complete 
|  30|0x0000000083a00000, 0x0000000083b00000, 0x0000000083b00000|100%|HS|  |TAMS 0x0000000083b00000, 0x0000000083a00000| Complete 
|  31|0x0000000083b00000, 0x0000000083c00000, 0x0000000083c00000|100%|HS|  |TAMS 0x0000000083c00000, 0x0000000083b00000| Complete 
|  32|0x0000000083c00000, 0x0000000083d00000, 0x0000000083d00000|100%|HS|  |TAMS 0x0000000083d00000, 0x0000000083c00000| Complete 
|  33|0x0000000083d00000, 0x0000000083e00000, 0x0000000083e00000|100%|HS|  |TAMS 0x0000000083e00000, 0x0000000083d00000| Complete 
|  34|0x0000000083e00000, 0x0000000083f00000, 0x0000000083f00000|100%|HS|  |TAMS 0x0000000083f00000, 0x0000000083e00000| Complete 
|  35|0x0000000083f00000, 0x0000000084000000, 0x0000000084000000|100%|HS|  |TAMS 0x0000000084000000, 0x0000000083f00000| Complete 
|  36|0x0000000084000000, 0x0000000084100000, 0x0000000084100000|100%|HS|  |TAMS 0x0000000084100000, 0x0000000084000000| Complete 
|  37|0x0000000084100000, 0x0000000084200000, 0x0000000084200000|100%|HS|  |TAMS 0x0000000084200000, 0x0000000084100000| Complete 
|  38|0x0000000084200000, 0x0000000084300000, 0x0000000084300000|100%|HS|  |TAMS 0x0000000084300000, 0x0000000084200000| Complete 
|  39|0x0000000084300000, 0x0000000084400000, 0x0000000084400000|100%|HS|  |TAMS 0x0000000084400000, 0x0000000084300000| Complete 
|  40|0x0000000084400000, 0x0000000084500000, 0x0000000084500000|100%|HC|  |TAMS 0x0000000084500000, 0x0000000084400000| Complete 
|  41|0x0000000084500000, 0x0000000084600000, 0x0000000084600000|100%| O|  |TAMS 0x0000000084600000, 0x0000000084500000| Untracked 
|  42|0x0000000084600000, 0x0000000084700000, 0x0000000084700000|100%| O|  |TAMS 0x0000000084700000, 0x0000000084600000| Untracked 
|  43|0x0000000084700000, 0x0000000084800000, 0x0000000084800000|100%| O|  |TAMS 0x0000000084800000, 0x0000000084700000| Untracked 
|  44|0x0000000084800000, 0x0000000084900000, 0x0000000084900000|100%| O|  |TAMS 0x0000000084900000, 0x0000000084800000| Untracked 
|  45|0x0000000084900000, 0x0000000084a00000, 0x0000000084a00000|100%| O|  |TAMS 0x0000000084a00000, 0x0000000084900000| Untracked 
|  46|0x0000000084a00000, 0x0000000084b00000, 0x0000000084b00000|100%| O|  |TAMS 0x0000000084b00000, 0x0000000084a00000| Untracked 
|  47|0x0000000084b00000, 0x0000000084c00000, 0x0000000084c00000|100%| O|  |TAMS 0x0000000084c00000, 0x0000000084b00000| Untracked 
|  48|0x0000000084c00000, 0x0000000084d00000, 0x0000000084d00000|100%| O|  |TAMS 0x0000000084d00000, 0x0000000084c00000| Untracked 
|  49|0x0000000084d00000, 0x0000000084e00000, 0x0000000084e00000|100%| O|  |TAMS 0x0000000084e00000, 0x0000000084d00000| Untracked 
|  50|0x0000000084e00000, 0x0000000084f00000, 0x0000000084f00000|100%| O|  |TAMS 0x0000000084f00000, 0x0000000084e00000| Untracked 
|  51|0x0000000084f00000, 0x0000000085000000, 0x0000000085000000|100%| O|  |TAMS 0x0000000085000000, 0x0000000084f00000| Untracked 
|  52|0x0000000085000000, 0x0000000085100000, 0x0000000085100000|100%| O|  |TAMS 0x0000000085100000, 0x0000000085000000| Untracked 
|  53|0x0000000085100000, 0x0000000085200000, 0x0000000085200000|100%| O|  |TAMS 0x0000000085200000, 0x0000000085100000| Untracked 
|  54|0x0000000085200000, 0x0000000085300000, 0x0000000085300000|100%| O|  |TAMS 0x0000000085300000, 0x0000000085200000| Untracked 
|  55|0x0000000085300000, 0x0000000085400000, 0x0000000085400000|100%| O|  |TAMS 0x0000000085400000, 0x0000000085300000| Untracked 
|  56|0x0000000085400000, 0x0000000085500000, 0x0000000085500000|100%| O|  |TAMS 0x0000000085500000, 0x0000000085400000| Untracked 
|  57|0x0000000085500000, 0x0000000085600000, 0x0000000085600000|100%| O|  |TAMS 0x0000000085600000, 0x0000000085500000| Untracked 
|  58|0x0000000085600000, 0x0000000085700000, 0x0000000085700000|100%| O|  |TAMS 0x0000000085700000, 0x0000000085600000| Untracked 
|  59|0x0000000085700000, 0x0000000085800000, 0x0000000085800000|100%| O|  |TAMS 0x0000000085800000, 0x0000000085700000| Untracked 
|  60|0x0000000085800000, 0x0000000085889c00, 0x0000000085900000| 53%| O|  |TAMS 0x0000000085889c00, 0x0000000085800000| Untracked 
|  61|0x0000000085900000, 0x0000000085900000, 0x0000000085a00000|  0%| F|  |TAMS 0x0000000085900000, 0x0000000085900000| Untracked 
|  62|0x0000000085a00000, 0x0000000085a00000, 0x0000000085b00000|  0%| F|  |TAMS 0x0000000085a00000, 0x0000000085a00000| Untracked 
|  63|0x0000000085b00000, 0x0000000085b00000, 0x0000000085c00000|  0%| F|  |TAMS 0x0000000085b00000, 0x0000000085b00000| Untracked 
|  64|0x0000000085c00000, 0x0000000085c00000, 0x0000000085d00000|  0%| F|  |TAMS 0x0000000085c00000, 0x0000000085c00000| Untracked 
|  65|0x0000000085d00000, 0x0000000085d00000, 0x0000000085e00000|  0%| F|  |TAMS 0x0000000085d00000, 0x0000000085d00000| Untracked 
|  66|0x0000000085e00000, 0x0000000085e00000, 0x0000000085f00000|  0%| F|  |TAMS 0x0000000085e00000, 0x0000000085e00000| Untracked 
|  67|0x0000000085f00000, 0x0000000085f00000, 0x0000000086000000|  0%| F|  |TAMS 0x0000000085f00000, 0x0000000085f00000| Untracked 
|  68|0x0000000086000000, 0x0000000086000000, 0x0000000086100000|  0%| F|  |TAMS 0x0000000086000000, 0x0000000086000000| Untracked 
|  69|0x0000000086100000, 0x0000000086100000, 0x0000000086200000|  0%| F|  |TAMS 0x0000000086100000, 0x0000000086100000| Untracked 
|  70|0x0000000086200000, 0x0000000086200000, 0x0000000086300000|  0%| F|  |TAMS 0x0000000086200000, 0x0000000086200000| Untracked 
|  71|0x0000000086300000, 0x0000000086300000, 0x0000000086400000|  0%| F|  |TAMS 0x0000000086300000, 0x0000000086300000| Untracked 
|  72|0x0000000086400000, 0x0000000086400000, 0x0000000086500000|  0%| F|  |TAMS 0x0000000086400000, 0x0000000086400000| Untracked 
|  73|0x0000000086500000, 0x0000000086600000, 0x0000000086600000|100%| S|CS|TAMS 0x0000000086500000, 0x0000000086500000| Complete 
|  74|0x0000000086600000, 0x0000000086600000, 0x0000000086700000|  0%| F|  |TAMS 0x0000000086600000, 0x0000000086600000| Untracked 
|  75|0x0000000086700000, 0x0000000086700000, 0x0000000086800000|  0%| F|  |TAMS 0x0000000086700000, 0x0000000086700000| Untracked 
|  76|0x0000000086800000, 0x0000000086800000, 0x0000000086900000|  0%| F|  |TAMS 0x0000000086800000, 0x0000000086800000| Untracked 
|  77|0x0000000086900000, 0x0000000086900000, 0x0000000086a00000|  0%| F|  |TAMS 0x0000000086900000, 0x0000000086900000| Untracked 
|  78|0x0000000086a00000, 0x0000000086b00000, 0x0000000086b00000|100%| S|CS|TAMS 0x0000000086a00000, 0x0000000086a00000| Complete 
|  79|0x0000000086b00000, 0x0000000086c00000, 0x0000000086c00000|100%| S|CS|TAMS 0x0000000086b00000, 0x0000000086b00000| Complete 
|  80|0x0000000086c00000, 0x0000000086d00000, 0x0000000086d00000|100%| S|CS|TAMS 0x0000000086c00000, 0x0000000086c00000| Complete 
|  81|0x0000000086d00000, 0x0000000086e00000, 0x0000000086e00000|100%| S|CS|TAMS 0x0000000086d00000, 0x0000000086d00000| Complete 
|  82|0x0000000086e00000, 0x0000000086e00000, 0x0000000086f00000|  0%| F|  |TAMS 0x0000000086e00000, 0x0000000086e00000| Untracked 
|  83|0x0000000086f00000, 0x0000000086f00000, 0x0000000087000000|  0%| F|  |TAMS 0x0000000086f00000, 0x0000000086f00000| Untracked 
|  84|0x0000000087000000, 0x0000000087000000, 0x0000000087100000|  0%| F|  |TAMS 0x0000000087000000, 0x0000000087000000| Untracked 
|  85|0x0000000087100000, 0x0000000087100000, 0x0000000087200000|  0%| F|  |TAMS 0x0000000087100000, 0x0000000087100000| Untracked 
|  86|0x0000000087200000, 0x0000000087200000, 0x0000000087300000|  0%| F|  |TAMS 0x0000000087200000, 0x0000000087200000| Untracked 
|  87|0x0000000087300000, 0x0000000087300000, 0x0000000087400000|  0%| F|  |TAMS 0x0000000087300000, 0x0000000087300000| Untracked 
|  88|0x0000000087400000, 0x0000000087400000, 0x0000000087500000|  0%| F|  |TAMS 0x0000000087400000, 0x0000000087400000| Untracked 
|  89|0x0000000087500000, 0x0000000087500000, 0x0000000087600000|  0%| F|  |TAMS 0x0000000087500000, 0x0000000087500000| Untracked 
|  90|0x0000000087600000, 0x0000000087600000, 0x0000000087700000|  0%| F|  |TAMS 0x0000000087600000, 0x0000000087600000| Untracked 
|  91|0x0000000087700000, 0x0000000087700000, 0x0000000087800000|  0%| F|  |TAMS 0x0000000087700000, 0x0000000087700000| Untracked 
|  92|0x0000000087800000, 0x0000000087800000, 0x0000000087900000|  0%| F|  |TAMS 0x0000000087800000, 0x0000000087800000| Untracked 
|  93|0x0000000087900000, 0x0000000087900000, 0x0000000087a00000|  0%| F|  |TAMS 0x0000000087900000, 0x0000000087900000| Untracked 
|  94|0x0000000087a00000, 0x0000000087a00000, 0x0000000087b00000|  0%| F|  |TAMS 0x0000000087a00000, 0x0000000087a00000| Untracked 
|  95|0x0000000087b00000, 0x0000000087b00000, 0x0000000087c00000|  0%| F|  |TAMS 0x0000000087b00000, 0x0000000087b00000| Untracked 
|  96|0x0000000087c00000, 0x0000000087c00000, 0x0000000087d00000|  0%| F|  |TAMS 0x0000000087c00000, 0x0000000087c00000| Untracked 
|  97|0x0000000087d00000, 0x0000000087d00000, 0x0000000087e00000|  0%| F|  |TAMS 0x0000000087d00000, 0x0000000087d00000| Untracked 
|  98|0x0000000087e00000, 0x0000000087e00000, 0x0000000087f00000|  0%| F|  |TAMS 0x0000000087e00000, 0x0000000087e00000| Untracked 
|  99|0x0000000087f00000, 0x0000000087f00000, 0x0000000088000000|  0%| F|  |TAMS 0x0000000087f00000, 0x0000000087f00000| Untracked 
| 100|0x0000000088000000, 0x0000000088000000, 0x0000000088100000|  0%| F|  |TAMS 0x0000000088000000, 0x0000000088000000| Untracked 
| 101|0x0000000088100000, 0x0000000088100000, 0x0000000088200000|  0%| F|  |TAMS 0x0000000088100000, 0x0000000088100000| Untracked 
| 102|0x0000000088200000, 0x0000000088200000, 0x0000000088300000|  0%| F|  |TAMS 0x0000000088200000, 0x0000000088200000| Untracked 
| 103|0x0000000088300000, 0x0000000088300000, 0x0000000088400000|  0%| F|  |TAMS 0x0000000088300000, 0x0000000088300000| Untracked 
| 104|0x0000000088400000, 0x0000000088400000, 0x0000000088500000|  0%| F|  |TAMS 0x0000000088400000, 0x0000000088400000| Untracked 
| 105|0x0000000088500000, 0x0000000088500000, 0x0000000088600000|  0%| F|  |TAMS 0x0000000088500000, 0x0000000088500000| Untracked 
| 106|0x0000000088600000, 0x0000000088600000, 0x0000000088700000|  0%| F|  |TAMS 0x0000000088600000, 0x0000000088600000| Untracked 
| 107|0x0000000088700000, 0x0000000088700000, 0x0000000088800000|  0%| F|  |TAMS 0x0000000088700000, 0x0000000088700000| Untracked 
| 108|0x0000000088800000, 0x0000000088800000, 0x0000000088900000|  0%| F|  |TAMS 0x0000000088800000, 0x0000000088800000| Untracked 
| 109|0x0000000088900000, 0x0000000088900000, 0x0000000088a00000|  0%| F|  |TAMS 0x0000000088900000, 0x0000000088900000| Untracked 
| 110|0x0000000088a00000, 0x0000000088a00000, 0x0000000088b00000|  0%| F|  |TAMS 0x0000000088a00000, 0x0000000088a00000| Untracked 
| 111|0x0000000088b00000, 0x0000000088b00000, 0x0000000088c00000|  0%| F|  |TAMS 0x0000000088b00000, 0x0000000088b00000| Untracked 
| 112|0x0000000088c00000, 0x0000000088c00000, 0x0000000088d00000|  0%| F|  |TAMS 0x0000000088c00000, 0x0000000088c00000| Untracked 
| 113|0x0000000088d00000, 0x0000000088d00000, 0x0000000088e00000|  0%| F|  |TAMS 0x0000000088d00000, 0x0000000088d00000| Untracked 
| 114|0x0000000088e00000, 0x0000000088e00000, 0x0000000088f00000|  0%| F|  |TAMS 0x0000000088e00000, 0x0000000088e00000| Untracked 
| 115|0x0000000088f00000, 0x0000000088f82280, 0x0000000089000000| 50%| E|  |TAMS 0x0000000088f00000, 0x0000000088f00000| Complete 
| 116|0x0000000089000000, 0x0000000089100000, 0x0000000089100000|100%| E|CS|TAMS 0x0000000089000000, 0x0000000089000000| Complete 
| 117|0x0000000089100000, 0x0000000089200000, 0x0000000089200000|100%| E|CS|TAMS 0x0000000089100000, 0x0000000089100000| Complete 
| 118|0x0000000089200000, 0x0000000089300000, 0x0000000089300000|100%| E|CS|TAMS 0x0000000089200000, 0x0000000089200000| Complete 
| 119|0x0000000089300000, 0x0000000089400000, 0x0000000089400000|100%| E|CS|TAMS 0x0000000089300000, 0x0000000089300000| Complete 
| 120|0x0000000089400000, 0x0000000089500000, 0x0000000089500000|100%| E|CS|TAMS 0x0000000089400000, 0x0000000089400000| Complete 
| 121|0x0000000089500000, 0x0000000089600000, 0x0000000089600000|100%| E|CS|TAMS 0x0000000089500000, 0x0000000089500000| Complete 
| 122|0x0000000089600000, 0x0000000089700000, 0x0000000089700000|100%| E|CS|TAMS 0x0000000089600000, 0x0000000089600000| Complete 
| 123|0x0000000089700000, 0x0000000089800000, 0x0000000089800000|100%| E|CS|TAMS 0x0000000089700000, 0x0000000089700000| Complete 
| 124|0x0000000089800000, 0x0000000089900000, 0x0000000089900000|100%| E|CS|TAMS 0x0000000089800000, 0x0000000089800000| Complete 
| 125|0x0000000089900000, 0x0000000089a00000, 0x0000000089a00000|100%| E|CS|TAMS 0x0000000089900000, 0x0000000089900000| Complete 
| 126|0x0000000089a00000, 0x0000000089b00000, 0x0000000089b00000|100%| E|CS|TAMS 0x0000000089a00000, 0x0000000089a00000| Complete 
| 127|0x0000000089b00000, 0x0000000089c00000, 0x0000000089c00000|100%| E|CS|TAMS 0x0000000089b00000, 0x0000000089b00000| Complete 

Card table byte_map: [0x000002935c2a0000,0x000002935c6a0000] _byte_map_base: 0x000002935be92000

Marking Bits (Prev, Next): (CMBitMap*) 0x00000293447f12a8, (CMBitMap*) 0x00000293447f12e0
 Prev Bits: [0x000002935caa0000, 0x000002935ea30000)
 Next Bits: [0x000002935ea30000, 0x00000293609c0000)

Polling page: 0x0000029343f80000

Metaspace:

Usage:
  Non-class:     64.43 MB capacity,    63.17 MB ( 98%) used,  1016.88 KB (  2%) free+waste,   275.69 KB ( <1%) overhead. 
      Class:     10.34 MB capacity,     9.44 MB ( 91%) used,   784.94 KB (  7%) free+waste,   135.00 KB (  1%) overhead. 
       Both:     74.76 MB capacity,    72.60 MB ( 97%) used,     1.76 MB (  2%) free+waste,   410.69 KB ( <1%) overhead. 

Virtual space:
  Non-class space:       66.00 MB reserved,      64.50 MB ( 98%) committed 
      Class space:        1.00 GB reserved,      10.38 MB (  1%) committed 
             Both:        1.06 GB reserved,      74.88 MB (  7%) committed 

Chunk freelists:
   Non-Class:  10.00 KB
       Class:  0 bytes
        Both:  10.00 KB

MaxMetaspaceSize: 17179869184.00 GB
CompressedClassSpaceSize: 1.00 GB

CodeHeap 'non-profiled nmethods': size=120064Kb used=4337Kb max_used=4337Kb free=115726Kb
 bounds [0x0000029354960000, 0x0000029354da0000, 0x000002935bea0000]
CodeHeap 'profiled nmethods': size=120000Kb used=17141Kb max_used=17141Kb free=102858Kb
 bounds [0x000002934d430000, 0x000002934e4f0000, 0x0000029354960000]
CodeHeap 'non-nmethods': size=5696Kb used=1795Kb max_used=1823Kb free=3900Kb
 bounds [0x000002934cea0000, 0x000002934d110000, 0x000002934d430000]
 total_blobs=9113 nmethods=7633 adapters=1391
 compilation: enabled
              stopped_count=0, restarted_count=0
 full_count=0

Compilation events (20 events):
Event: 44.553 Thread 0x0000029362ee1000 7615       4       sun.misc.Unsafe::putByte (9 bytes)
Event: 44.554 Thread 0x0000029362ee1000 nmethod 7615 0x0000029354d93d90 code [0x0000029354d93f20, 0x0000029354d93f98]
Event: 44.554 Thread 0x0000029362ee1000 7625       4       sun.nio.cs.StringUTF16::getChar (23 bytes)
Event: 44.555 Thread 0x0000029362ee8800 7643       3       com.sun.javafx.scene.NodeHelper::createPeer (9 bytes)
Event: 44.556 Thread 0x0000029362ee1000 nmethod 7625 0x0000029354d94010 code [0x0000029354d941a0, 0x0000029354d941f8]
Event: 44.556 Thread 0x0000029362ee8800 nmethod 7643 0x000002934e4d0c90 code [0x000002934e4d0e60, 0x000002934e4d1038]
Event: 44.558 Thread 0x0000029362ee8800 7644       3       com.sun.javafx.collections.VetoableListDecorator$VetoableIteratorDecorator::next (31 bytes)
Event: 44.559 Thread 0x0000029362ee8800 nmethod 7644 0x000002934e4d1110 code [0x000002934e4d1300, 0x000002934e4d16d8]
Event: 44.560 Thread 0x0000029369e57800 nmethod 7621 0x0000029354d94290 code [0x0000029354d94460, 0x0000029354d94aa8]
Event: 44.560 Thread 0x0000029362ee8800 7645       3       javafx.scene.text.Text::getFontInternal (18 bytes)
Event: 44.562 Thread 0x0000029362ee8800 nmethod 7645 0x000002934e4d1910 code [0x000002934e4d1c20, 0x000002934e4d2ca8]
Event: 44.563 Thread 0x0000029362ee8800 7647       3       com.sun.javafx.sg.prism.NGNode::<init> (102 bytes)
Event: 44.564 Thread 0x0000029362ee8800 nmethod 7647 0x000002934e4d3210 code [0x000002934e4d3440, 0x000002934e4d3c78]
Event: 44.564 Thread 0x0000029362ee8800 7646       1       javafx.scene.layout.Background::isFillPercentageBased (5 bytes)
Event: 44.565 Thread 0x0000029362ee8800 nmethod 7646 0x0000029354d94e10 code [0x0000029354d94fc0, 0x0000029354d95078]
Event: 44.565 Thread 0x0000029362ee8800 7648       3       com.sun.javafx.sg.prism.NGNode::setParent (7 bytes)
Event: 44.565 Thread 0x0000029362ee8800 nmethod 7648 0x000002934e4d3e90 code [0x000002934e4d4040, 0x000002934e4d41f8]
Event: 44.569 Thread 0x0000029362ee8800 7650       3       com.sun.javafx.application.PlatformImpl::isFxApplicationThread (7 bytes)
Event: 44.570 Thread 0x0000029362ee8800 nmethod 7650 0x000002934e4d4290 code [0x000002934e4d4460, 0x000002934e4d46c8]
Event: 44.570 Thread 0x0000029362ee8800 7649   !   3       com.sun.javafx.application.PlatformImpl::checkIdle (154 bytes)

GC Heap History (20 events):
Event: 25.529 GC heap before
{Heap before GC invocations=12 (full 0):
 garbage-first heap   total 131072K, used 110433K [0x0000000081c00000, 0x0000000100000000)
  region size 1024K, 55 young (56320K), 6 survivors (6144K)
 Metaspace       used 52258K, capacity 53823K, committed 54144K, reserved 1095680K
  class space    used 6806K, capacity 7449K, committed 7552K, reserved 1048576K
}
Event: 25.548 GC heap after
{Heap after GC invocations=13 (full 0):
 garbage-first heap   total 131072K, used 61225K [0x0000000081c00000, 0x0000000100000000)
  region size 1024K, 5 young (5120K), 5 survivors (5120K)
 Metaspace       used 52258K, capacity 53823K, committed 54144K, reserved 1095680K
  class space    used 6806K, capacity 7449K, committed 7552K, reserved 1048576K
}
Event: 27.602 GC heap before
{Heap before GC invocations=13 (full 0):
 garbage-first heap   total 131072K, used 110377K [0x0000000081c00000, 0x0000000100000000)
  region size 1024K, 53 young (54272K), 5 survivors (5120K)
 Metaspace       used 55358K, capacity 56918K, committed 57088K, reserved 1097728K
  class space    used 7197K, capacity 7840K, committed 7936K, reserved 1048576K
}
Event: 27.616 GC heap after
{Heap after GC invocations=14 (full 0):
 garbage-first heap   total 131072K, used 62440K [0x0000000081c00000, 0x0000000100000000)
  region size 1024K, 4 young (4096K), 4 survivors (4096K)
 Metaspace       used 55358K, capacity 56918K, committed 57088K, reserved 1097728K
  class space    used 7197K, capacity 7840K, committed 7936K, reserved 1048576K
}
Event: 29.049 GC heap before
{Heap before GC invocations=14 (full 0):
 garbage-first heap   total 131072K, used 111592K [0x0000000081c00000, 0x0000000100000000)
  region size 1024K, 53 young (54272K), 4 survivors (4096K)
 Metaspace       used 58479K, capacity 60022K, committed 60160K, reserved 1101824K
  class space    used 7700K, capacity 8361K, committed 8448K, reserved 1048576K
}
Event: 29.066 GC heap after
{Heap after GC invocations=15 (full 0):
 garbage-first heap   total 131072K, used 62798K [0x0000000081c00000, 0x0000000100000000)
  region size 1024K, 5 young (5120K), 5 survivors (5120K)
 Metaspace       used 58479K, capacity 60022K, committed 60160K, reserved 1101824K
  class space    used 7700K, capacity 8361K, committed 8448K, reserved 1048576K
}
Event: 30.618 GC heap before
{Heap before GC invocations=16 (full 0):
 garbage-first heap   total 131072K, used 111950K [0x0000000081c00000, 0x0000000100000000)
  region size 1024K, 53 young (54272K), 5 survivors (5120K)
 Metaspace       used 61496K, capacity 63148K, committed 63360K, reserved 1103872K
  class space    used 8123K, capacity 8807K, committed 8832K, reserved 1048576K
}
Event: 30.635 GC heap after
{Heap after GC invocations=17 (full 0):
 garbage-first heap   total 131072K, used 63819K [0x0000000081c00000, 0x0000000100000000)
  region size 1024K, 4 young (4096K), 4 survivors (4096K)
 Metaspace       used 61496K, capacity 63148K, committed 63360K, reserved 1103872K
  class space    used 8123K, capacity 8807K, committed 8832K, reserved 1048576K
}
Event: 32.699 GC heap before
{Heap before GC invocations=17 (full 0):
 garbage-first heap   total 131072K, used 112971K [0x0000000081c00000, 0x0000000100000000)
  region size 1024K, 52 young (53248K), 4 survivors (4096K)
 Metaspace       used 65194K, capacity 67028K, committed 67328K, reserved 1107968K
  class space    used 8636K, capacity 9393K, committed 9472K, reserved 1048576K
}
Event: 32.717 GC heap after
{Heap after GC invocations=18 (full 0):
 garbage-first heap   total 131072K, used 65275K [0x0000000081c00000, 0x0000000100000000)
  region size 1024K, 5 young (5120K), 5 survivors (5120K)
 Metaspace       used 65194K, capacity 67028K, committed 67328K, reserved 1107968K
  class space    used 8636K, capacity 9393K, committed 9472K, reserved 1048576K
}
Event: 34.738 GC heap before
{Heap before GC invocations=19 (full 0):
 garbage-first heap   total 131072K, used 112379K [0x0000000081c00000, 0x0000000100000000)
  region size 1024K, 51 young (52224K), 5 survivors (5120K)
 Metaspace       used 66929K, capacity 68865K, committed 69120K, reserved 1107968K
  class space    used 8848K, capacity 9664K, committed 9728K, reserved 1048576K
}
Event: 34.757 GC heap after
{Heap after GC invocations=20 (full 0):
 garbage-first heap   total 131072K, used 65711K [0x0000000081c00000, 0x0000000100000000)
  region size 1024K, 4 young (4096K), 4 survivors (4096K)
 Metaspace       used 66929K, capacity 68865K, committed 69120K, reserved 1107968K
  class space    used 8848K, capacity 9664K, committed 9728K, reserved 1048576K
}
Event: 35.179 GC heap before
{Heap before GC invocations=20 (full 0):
 garbage-first heap   total 131072K, used 112815K [0x0000000081c00000, 0x0000000100000000)
  region size 1024K, 50 young (51200K), 4 survivors (4096K)
 Metaspace       used 66956K, capacity 68865K, committed 69120K, reserved 1107968K
  class space    used 8848K, capacity 9664K, committed 9728K, reserved 1048576K
}
Event: 35.196 GC heap after
{Heap after GC invocations=21 (full 0):
 garbage-first heap   total 131072K, used 65580K [0x0000000081c00000, 0x0000000100000000)
  region size 1024K, 4 young (4096K), 4 survivors (4096K)
 Metaspace       used 66956K, capacity 68865K, committed 69120K, reserved 1107968K
  class space    used 8848K, capacity 9664K, committed 9728K, reserved 1048576K
}
Event: 37.971 GC heap before
{Heap before GC invocations=22 (full 0):
 garbage-first heap   total 131072K, used 112684K [0x0000000081c00000, 0x0000000100000000)
  region size 1024K, 50 young (51200K), 4 survivors (4096K)
 Metaspace       used 67326K, capacity 69337K, committed 69376K, reserved 1110016K
  class space    used 8880K, capacity 9694K, committed 9728K, reserved 1048576K
}
Event: 37.994 GC heap after
{Heap after GC invocations=23 (full 0):
 garbage-first heap   total 131072K, used 65707K [0x0000000081c00000, 0x0000000100000000)
  region size 1024K, 4 young (4096K), 4 survivors (4096K)
 Metaspace       used 67326K, capacity 69337K, committed 69376K, reserved 1110016K
  class space    used 8880K, capacity 9694K, committed 9728K, reserved 1048576K
}
Event: 42.144 GC heap before
{Heap before GC invocations=23 (full 0):
 garbage-first heap   total 131072K, used 112811K [0x0000000081c00000, 0x0000000100000000)
  region size 1024K, 50 young (51200K), 4 survivors (4096K)
 Metaspace       used 68052K, capacity 69995K, committed 70272K, reserved 1110016K
  class space    used 8945K, capacity 9761K, committed 9856K, reserved 1048576K
}
Event: 42.162 GC heap after
{Heap after GC invocations=24 (full 0):
 garbage-first heap   total 131072K, used 65707K [0x0000000081c00000, 0x0000000100000000)
  region size 1024K, 4 young (4096K), 4 survivors (4096K)
 Metaspace       used 68052K, capacity 69995K, committed 70272K, reserved 1110016K
  class space    used 8945K, capacity 9761K, committed 9856K, reserved 1048576K
}
Event: 44.111 GC heap before
{Heap before GC invocations=25 (full 0):
 garbage-first heap   total 131072K, used 111787K [0x0000000081c00000, 0x0000000100000000)
  region size 1024K, 50 young (51200K), 4 survivors (4096K)
 Metaspace       used 71404K, capacity 73408K, committed 73728K, reserved 1112064K
  class space    used 9316K, capacity 10146K, committed 10240K, reserved 1048576K
}
Event: 44.128 GC heap after
{Heap after GC invocations=26 (full 0):
 garbage-first heap   total 131072K, used 67111K [0x0000000081c00000, 0x0000000100000000)
  region size 1024K, 5 young (5120K), 5 survivors (5120K)
 Metaspace       used 71404K, capacity 73408K, committed 73728K, reserved 1112064K
  class space    used 9316K, capacity 10146K, committed 10240K, reserved 1048576K
}

Deoptimization events (20 events):
Event: 44.527 Thread 0x0000029363d75800 Uncommon trap: trap_request=0xffffff4d fr.pc=0x0000029354d571b0 relative=0x0000000000000d70
Event: 44.527 Thread 0x0000029363d75800 Uncommon trap: reason=unstable_if action=reinterpret pc=0x0000029354d571b0 method=javafx.scene.Parent.setChildDirty(Ljavafx/scene/Node;Z)V @ 22 c2
Event: 44.527 Thread 0x0000029363d75800 DEOPT PACKING pc=0x0000029354d571b0 sp=0x000000f3714fc1d0
Event: 44.528 Thread 0x0000029363d75800 DEOPT UNPACKING pc=0x000002934cec63aa sp=0x000000f3714fbea8 mode 2
Event: 44.530 Thread 0x0000029363d75800 Uncommon trap: trap_request=0xffffff4d fr.pc=0x0000029354d4c004 relative=0x0000000000000b24
Event: 44.530 Thread 0x0000029363d75800 Uncommon trap: reason=unstable_if action=reinterpret pc=0x0000029354d4c004 method=javafx.scene.Parent.layout()V @ 20 c2
Event: 44.530 Thread 0x0000029363d75800 DEOPT PACKING pc=0x0000029354d4c004 sp=0x000000f3714fcbc0
Event: 44.530 Thread 0x0000029363d75800 DEOPT UNPACKING pc=0x000002934cec63aa sp=0x000000f3714fcb78 mode 2
Event: 44.565 Thread 0x0000029363e75800 DEOPT PACKING pc=0x000002934e12b6dc sp=0x000000f3712ff0d0
Event: 44.565 Thread 0x0000029363e75800 DEOPT UNPACKING pc=0x000002934cec67c0 sp=0x000000f3712fe5f8 mode 0
Event: 44.565 Thread 0x0000029363e75800 DEOPT PACKING pc=0x000002934dfb960c sp=0x000000f3712ff1c0
Event: 44.565 Thread 0x0000029363e75800 DEOPT UNPACKING pc=0x000002934cec67c0 sp=0x000000f3712fe6c0 mode 0
Event: 44.572 Thread 0x0000029363e75800 Uncommon trap: trap_request=0xffffff4d fr.pc=0x0000029354bf87bc relative=0x000000000000063c
Event: 44.572 Thread 0x0000029363e75800 Uncommon trap: reason=unstable_if action=reinterpret pc=0x0000029354bf87bc method=com.sun.prism.impl.ps.BaseShaderContext.setRenderTarget(Lcom/sun/prism/RenderTarget;Lcom/sun/javafx/sg/prism/NGCamera;ZZ)V @ 54 c2
Event: 44.572 Thread 0x0000029363e75800 DEOPT PACKING pc=0x0000029354bf87bc sp=0x000000f3712fe040
Event: 44.572 Thread 0x0000029363e75800 DEOPT UNPACKING pc=0x000002934cec63aa sp=0x000000f3712fdfa0 mode 2
Event: 44.573 Thread 0x0000029363e75800 Uncommon trap: trap_request=0xffffff4d fr.pc=0x0000029354d38f34 relative=0x0000000000000cf4
Event: 44.573 Thread 0x0000029363e75800 Uncommon trap: reason=unstable_if action=reinterpret pc=0x0000029354d38f34 method=com.sun.prism.d3d.D3DContext.updateRenderTarget(Lcom/sun/prism/RenderTarget;Lcom/sun/javafx/sg/prism/NGCamera;Z)Lcom/sun/prism/impl/ps/BaseShaderContext$State; @ 36 c2
Event: 44.573 Thread 0x0000029363e75800 DEOPT PACKING pc=0x0000029354d38f34 sp=0x000000f3712fdef0
Event: 44.573 Thread 0x0000029363e75800 DEOPT UNPACKING pc=0x000002934cec63aa sp=0x000000f3712fdee8 mode 2

Classes redefined (0 events):
No events

Internal exceptions (20 events):
Event: 44.300 Thread 0x0000029369dc7000 Exception <a 'java/security/PrivilegedActionException'{0x00000000898bdae0}> (0x00000000898bdae0) thrown at [./src/hotspot/share/prims/jvm.cpp, line 1306]
Event: 44.300 Thread 0x0000029369dc7000 Exception <a 'java/security/PrivilegedActionException'{0x00000000898be058}> (0x00000000898be058) thrown at [./src/hotspot/share/prims/jvm.cpp, line 1306]
Event: 44.317 Thread 0x0000029369dc7000 Exception <a 'java/security/PrivilegedActionException'{0x0000000089706280}> (0x0000000089706280) thrown at [./src/hotspot/share/prims/jvm.cpp, line 1306]
Event: 44.317 Thread 0x0000029369dc7000 Exception <a 'java/security/PrivilegedActionException'{0x00000000897067f8}> (0x00000000897067f8) thrown at [./src/hotspot/share/prims/jvm.cpp, line 1306]
Event: 44.330 Thread 0x0000029369dc7000 Exception <a 'java/security/PrivilegedActionException'{0x0000000089738048}> (0x0000000089738048) thrown at [./src/hotspot/share/prims/jvm.cpp, line 1306]
Event: 44.331 Thread 0x0000029369dc7000 Exception <a 'java/security/PrivilegedActionException'{0x00000000897385c0}> (0x00000000897385c0) thrown at [./src/hotspot/share/prims/jvm.cpp, line 1306]
Event: 44.367 Thread 0x0000029369dc7000 Exception <a 'java/security/PrivilegedActionException'{0x00000000897fde08}> (0x00000000897fde08) thrown at [./src/hotspot/share/prims/jvm.cpp, line 1306]
Event: 44.367 Thread 0x0000029369dc7000 Exception <a 'java/security/PrivilegedActionException'{0x00000000897fe0d8}> (0x00000000897fe0d8) thrown at [./src/hotspot/share/prims/jvm.cpp, line 1306]
Event: 44.382 Thread 0x0000029369dc7000 Exception <a 'sun/nio/fs/WindowsException'{0x0000000089616690}> (0x0000000089616690) thrown at [./src/hotspot/share/prims/jni.cpp, line 615]
Event: 44.382 Thread 0x0000029369dc7000 Exception <a 'sun/nio/fs/WindowsException'{0x0000000089616a18}> (0x0000000089616a18) thrown at [./src/hotspot/share/prims/jni.cpp, line 615]
Event: 44.450 Thread 0x0000029363d75800 Exception <a 'java/security/PrivilegedActionException'{0x0000000089799c58}> (0x0000000089799c58) thrown at [./src/hotspot/share/prims/jvm.cpp, line 1306]
Event: 44.450 Thread 0x0000029363d75800 Exception <a 'java/security/PrivilegedActionException'{0x000000008979a478}> (0x000000008979a478) thrown at [./src/hotspot/share/prims/jvm.cpp, line 1306]
Event: 44.454 Thread 0x0000029363d75800 Exception <a 'java/security/PrivilegedActionException'{0x00000000897a92c8}> (0x00000000897a92c8) thrown at [./src/hotspot/share/prims/jvm.cpp, line 1306]
Event: 44.454 Thread 0x0000029363d75800 Exception <a 'java/security/PrivilegedActionException'{0x00000000897a9ae8}> (0x00000000897a9ae8) thrown at [./src/hotspot/share/prims/jvm.cpp, line 1306]
Event: 44.458 Thread 0x0000029369dc7000 Exception <a 'java/security/PrivilegedActionException'{0x00000000895a3228}> (0x00000000895a3228) thrown at [./src/hotspot/share/prims/jvm.cpp, line 1306]
Event: 44.458 Thread 0x0000029369dc7000 Exception <a 'java/security/PrivilegedActionException'{0x00000000895a34f8}> (0x00000000895a34f8) thrown at [./src/hotspot/share/prims/jvm.cpp, line 1306]
Event: 44.459 Thread 0x0000029369dc7000 Exception <a 'java/security/PrivilegedActionException'{0x00000000895b0958}> (0x00000000895b0958) thrown at [./src/hotspot/share/prims/jvm.cpp, line 1306]
Event: 44.460 Thread 0x0000029369dc7000 Exception <a 'java/security/PrivilegedActionException'{0x00000000895b0c28}> (0x00000000895b0c28) thrown at [./src/hotspot/share/prims/jvm.cpp, line 1306]
Event: 44.468 Thread 0x0000029363d75800 Exception <a 'java/lang/NoClassDefFoundError'{0x0000000089405260}: sun/reflect/Reflection> (0x0000000089405260) thrown at [./src/hotspot/share/classfile/systemDictionary.cpp, line 220]
Event: 44.476 Thread 0x0000029363d75800 Implicit null exception at 0x0000029354c292d0 to 0x0000029354c29490

Events (20 events):
Event: 44.567 loading class javax/swing/text/JTextComponent done
Event: 44.567 loading class javax/swing/JTextArea done
Event: 44.567 loading class javax/swing/JScrollPane
Event: 44.568 loading class javax/swing/ScrollPaneConstants
Event: 44.569 loading class javax/swing/ScrollPaneConstants done
Event: 44.569 loading class javax/swing/JScrollPane done
Event: 44.569 loading class javax/swing/Action
Event: 44.569 loading class java/awt/event/ActionListener
Event: 44.569 loading class java/awt/event/ActionListener done
Event: 44.570 loading class com/sun/prism/shader/FillPgram_Color_AlphaTest_Loader
Event: 44.570 loading class com/sun/prism/shader/FillPgram_Color_AlphaTest_Loader done
Event: 44.570 loading class javax/swing/Action done
Event: 44.570 loading class javax/swing/JButton
Event: 44.570 loading class javax/swing/AbstractButton
Event: 44.572 loading class java/awt/ItemSelectable
Event: 44.572 loading class java/awt/ItemSelectable done
Event: 44.572 loading class javax/swing/SwingConstants
Event: 44.572 loading class javax/swing/SwingConstants done
Event: 44.573 loading class javax/swing/AbstractButton done
Event: 44.573 loading class javax/swing/JButton done


Dynamic libraries:
0x00007ff6a4800000 - 0x00007ff6a4820000 	C:\Program Files\ojdkbuild\java-11-openjdk-11.0.11-1\bin\java.exe
0x00007ffa903b0000 - 0x00007ffa905a6000 	C:\Windows\SYSTEM32\ntdll.dll
0x00007ffa8e530000 - 0x00007ffa8e5ed000 	C:\Windows\System32\KERNEL32.DLL
0x00007ffa8dc40000 - 0x00007ffa8df08000 	C:\Windows\System32\KERNELBASE.dll
0x00007ffa8e320000 - 0x00007ffa8e420000 	C:\Windows\System32\ucrtbase.dll
0x00007ffa87630000 - 0x00007ffa87647000 	C:\Program Files\ojdkbuild\java-11-openjdk-11.0.11-1\bin\jli.dll
0x00007ffa8ff10000 - 0x00007ffa900b0000 	C:\Windows\System32\USER32.dll
0x00007ffa8dc10000 - 0x00007ffa8dc32000 	C:\Windows\System32\win32u.dll
0x00007ffa8edb0000 - 0x00007ffa8edda000 	C:\Windows\System32\GDI32.dll
0x00007ffa8dfc0000 - 0x00007ffa8e0c9000 	C:\Windows\System32\gdi32full.dll
0x00007ffa8e0d0000 - 0x00007ffa8e16d000 	C:\Windows\System32\msvcp_win.dll
0x00007ffa7d730000 - 0x00007ffa7d745000 	C:\Program Files\ojdkbuild\java-11-openjdk-11.0.11-1\bin\VCRUNTIME140.dll
0x00007ffa74a80000 - 0x00007ffa74d1b000 	C:\Windows\WinSxS\amd64_microsoft.windows.common-controls_6595b64144ccf1df_6.0.19041.488_none_ca04af081b815d21\COMCTL32.dll
0x00007ffa902d0000 - 0x00007ffa9036e000 	C:\Windows\System32\msvcrt.dll
0x00007ffa8ede0000 - 0x00007ffa8ee10000 	C:\Windows\System32\IMM32.DLL
0x00007ffa5f880000 - 0x00007ffa5f91b000 	C:\Program Files\ojdkbuild\java-11-openjdk-11.0.11-1\bin\msvcp140.dll
0x00007ffa57d30000 - 0x00007ffa5887b000 	C:\Program Files\ojdkbuild\java-11-openjdk-11.0.11-1\bin\server\jvm.dll
0x00007ffa8fd80000 - 0x00007ffa8fe2a000 	C:\Windows\System32\ADVAPI32.dll
0x00007ffa90230000 - 0x00007ffa902cb000 	C:\Windows\System32\sechost.dll
0x00007ffa8faa0000 - 0x00007ffa8fbc4000 	C:\Windows\System32\RPCRT4.dll
0x00007ffa8fa90000 - 0x00007ffa8fa98000 	C:\Windows\System32\PSAPI.DLL
0x00007ffa776d0000 - 0x00007ffa776d9000 	C:\Windows\SYSTEM32\WSOCK32.dll
0x00007ffa6b340000 - 0x00007ffa6b367000 	C:\Windows\SYSTEM32\WINMM.dll
0x00007ffa8f970000 - 0x00007ffa8f9db000 	C:\Windows\System32\WS2_32.dll
0x00007ffa82d10000 - 0x00007ffa82d1a000 	C:\Windows\SYSTEM32\VERSION.dll
0x00007ffa8ba10000 - 0x00007ffa8ba22000 	C:\Windows\SYSTEM32\kernel.appcore.dll
0x00007ffa85fd0000 - 0x00007ffa85fe0000 	C:\Program Files\ojdkbuild\java-11-openjdk-11.0.11-1\bin\verify.dll
0x00007ffa772a0000 - 0x00007ffa77484000 	C:\Windows\SYSTEM32\DBGHELP.DLL
0x00007ffa77270000 - 0x00007ffa7729c000 	C:\Windows\SYSTEM32\dbgcore.DLL
0x00007ffa8df40000 - 0x00007ffa8dfbf000 	C:\Windows\System32\bcryptPrimitives.dll
0x00007ffa76d30000 - 0x00007ffa76d58000 	C:\Program Files\ojdkbuild\java-11-openjdk-11.0.11-1\bin\java.dll
0x00007ffa85100000 - 0x00007ffa8510a000 	C:\Program Files\ojdkbuild\java-11-openjdk-11.0.11-1\bin\jimage.dll
0x00007ffa76ba0000 - 0x00007ffa76bb7000 	C:\Program Files\ojdkbuild\java-11-openjdk-11.0.11-1\bin\zip.dll
0x00007ffa8f230000 - 0x00007ffa8f970000 	C:\Windows\System32\SHELL32.dll
0x00007ffa8bc10000 - 0x00007ffa8c3a4000 	C:\Windows\SYSTEM32\windows.storage.dll
0x00007ffa8ee20000 - 0x00007ffa8f175000 	C:\Windows\System32\combase.dll
0x00007ffa8d3d0000 - 0x00007ffa8d3fc000 	C:\Windows\SYSTEM32\Wldp.dll
0x00007ffa8f9e0000 - 0x00007ffa8fa8e000 	C:\Windows\System32\SHCORE.dll
0x00007ffa8e420000 - 0x00007ffa8e475000 	C:\Windows\System32\shlwapi.dll
0x00007ffa8da30000 - 0x00007ffa8da56000 	C:\Windows\SYSTEM32\profapi.dll
0x00007ffa6f530000 - 0x00007ffa6f549000 	C:\Program Files\ojdkbuild\java-11-openjdk-11.0.11-1\bin\net.dll
0x00007ffa83530000 - 0x00007ffa83630000 	C:\Windows\SYSTEM32\WINHTTP.dll
0x00007ffa8d1c0000 - 0x00007ffa8d22a000 	C:\Windows\system32\mswsock.dll
0x00007ffa68930000 - 0x00007ffa68942000 	C:\Program Files\ojdkbuild\java-11-openjdk-11.0.11-1\bin\nio.dll
0x0000029344740000 - 0x0000029344743000 	C:\Users\DonJuan\.openjfx\cache\13\api-ms-win-core-console-l1-1-0.dll
0x0000029344750000 - 0x0000029344753000 	C:\Users\DonJuan\.openjfx\cache\13\api-ms-win-core-datetime-l1-1-0.dll
0x0000029344760000 - 0x0000029344763000 	C:\Users\DonJuan\.openjfx\cache\13\api-ms-win-core-debug-l1-1-0.dll
0x0000029344770000 - 0x0000029344773000 	C:\Users\DonJuan\.openjfx\cache\13\api-ms-win-core-errorhandling-l1-1-0.dll
0x0000029364400000 - 0x0000029364404000 	C:\Users\DonJuan\.openjfx\cache\13\api-ms-win-core-file-l1-1-0.dll
0x0000029364410000 - 0x0000029364413000 	C:\Users\DonJuan\.openjfx\cache\13\api-ms-win-core-file-l1-2-0.dll
0x0000029364420000 - 0x0000029364423000 	C:\Users\DonJuan\.openjfx\cache\13\api-ms-win-core-file-l2-1-0.dll
0x0000029364430000 - 0x0000029364433000 	C:\Users\DonJuan\.openjfx\cache\13\api-ms-win-core-handle-l1-1-0.dll
0x0000029364440000 - 0x0000029364443000 	C:\Users\DonJuan\.openjfx\cache\13\api-ms-win-core-heap-l1-1-0.dll
0x0000029364450000 - 0x0000029364453000 	C:\Users\DonJuan\.openjfx\cache\13\api-ms-win-core-interlocked-l1-1-0.dll
0x0000029364460000 - 0x0000029364463000 	C:\Users\DonJuan\.openjfx\cache\13\api-ms-win-core-libraryloader-l1-1-0.dll
0x0000029364470000 - 0x0000029364473000 	C:\Users\DonJuan\.openjfx\cache\13\api-ms-win-core-localization-l1-2-0.dll
0x0000029364480000 - 0x0000029364483000 	C:\Users\DonJuan\.openjfx\cache\13\api-ms-win-core-memory-l1-1-0.dll
0x0000029364490000 - 0x0000029364493000 	C:\Users\DonJuan\.openjfx\cache\13\api-ms-win-core-namedpipe-l1-1-0.dll
0x00000293644a0000 - 0x00000293644a3000 	C:\Users\DonJuan\.openjfx\cache\13\api-ms-win-core-processenvironment-l1-1-0.dll
0x00000293644b0000 - 0x00000293644b3000 	C:\Users\DonJuan\.openjfx\cache\13\api-ms-win-core-processthreads-l1-1-0.dll
0x00000293644c0000 - 0x00000293644c3000 	C:\Users\DonJuan\.openjfx\cache\13\api-ms-win-core-processthreads-l1-1-1.dll
0x00000293644d0000 - 0x00000293644d3000 	C:\Users\DonJuan\.openjfx\cache\13\api-ms-win-core-profile-l1-1-0.dll
0x00000293644e0000 - 0x00000293644e3000 	C:\Users\DonJuan\.openjfx\cache\13\api-ms-win-core-rtlsupport-l1-1-0.dll
0x00000293644f0000 - 0x00000293644f3000 	C:\Users\DonJuan\.openjfx\cache\13\api-ms-win-core-string-l1-1-0.dll
0x0000029364500000 - 0x0000029364503000 	C:\Users\DonJuan\.openjfx\cache\13\api-ms-win-core-synch-l1-1-0.dll
0x0000029364510000 - 0x0000029364513000 	C:\Users\DonJuan\.openjfx\cache\13\api-ms-win-core-synch-l1-2-0.dll
0x0000029364520000 - 0x0000029364523000 	C:\Users\DonJuan\.openjfx\cache\13\api-ms-win-core-sysinfo-l1-1-0.dll
0x0000029364530000 - 0x0000029364533000 	C:\Users\DonJuan\.openjfx\cache\13\api-ms-win-core-timezone-l1-1-0.dll
0x0000029364540000 - 0x0000029364543000 	C:\Users\DonJuan\.openjfx\cache\13\api-ms-win-core-util-l1-1-0.dll
0x0000029364550000 - 0x0000029364553000 	C:\Users\DonJuan\.openjfx\cache\13\api-ms-win-crt-conio-l1-1-0.dll
0x0000029364560000 - 0x0000029364564000 	C:\Users\DonJuan\.openjfx\cache\13\api-ms-win-crt-convert-l1-1-0.dll
0x0000029364570000 - 0x0000029364573000 	C:\Users\DonJuan\.openjfx\cache\13\api-ms-win-crt-environment-l1-1-0.dll
0x0000029364580000 - 0x0000029364583000 	C:\Users\DonJuan\.openjfx\cache\13\api-ms-win-crt-filesystem-l1-1-0.dll
0x0000029364590000 - 0x0000029364593000 	C:\Users\DonJuan\.openjfx\cache\13\api-ms-win-crt-heap-l1-1-0.dll
0x00000293645a0000 - 0x00000293645a3000 	C:\Users\DonJuan\.openjfx\cache\13\api-ms-win-crt-locale-l1-1-0.dll
0x00000293645b0000 - 0x00000293645b5000 	C:\Users\DonJuan\.openjfx\cache\13\api-ms-win-crt-math-l1-1-0.dll
0x00000293645c0000 - 0x00000293645c5000 	C:\Users\DonJuan\.openjfx\cache\13\api-ms-win-crt-multibyte-l1-1-0.dll
0x00000293645d0000 - 0x00000293645e0000 	C:\Users\DonJuan\.openjfx\cache\13\api-ms-win-crt-private-l1-1-0.dll
0x00000293645e0000 - 0x00000293645e3000 	C:\Users\DonJuan\.openjfx\cache\13\api-ms-win-crt-process-l1-1-0.dll
0x00000293645f0000 - 0x00000293645f4000 	C:\Users\DonJuan\.openjfx\cache\13\api-ms-win-crt-runtime-l1-1-0.dll
0x0000029364600000 - 0x0000029364604000 	C:\Users\DonJuan\.openjfx\cache\13\api-ms-win-crt-stdio-l1-1-0.dll
0x0000029364610000 - 0x0000029364614000 	C:\Users\DonJuan\.openjfx\cache\13\api-ms-win-crt-string-l1-1-0.dll
0x0000029364620000 - 0x0000029364623000 	C:\Users\DonJuan\.openjfx\cache\13\api-ms-win-crt-time-l1-1-0.dll
0x0000029364630000 - 0x0000029364633000 	C:\Users\DonJuan\.openjfx\cache\13\api-ms-win-crt-utility-l1-1-0.dll
0x00007ffa5c530000 - 0x00007ffa5c62c000 	C:\Users\DonJuan\.openjfx\cache\13\ucrtbase.dll
0x00007ffa84c90000 - 0x00007ffa84ca5000 	C:\Users\DonJuan\.openjfx\cache\13\vcruntime140.dll
0x00007ffa5d920000 - 0x00007ffa5d9bb000 	C:\Users\DonJuan\.openjfx\cache\13\msvcp140.dll
0x00007ffa645f0000 - 0x00007ffa64641000 	C:\Users\DonJuan\.openjfx\cache\13\concrt140.dll
0x00007ffa6e000000 - 0x00007ffa6e023000 	C:\Users\DonJuan\.openjfx\cache\13\prism_d3d.dll
0x00007ffa86050000 - 0x00007ffa8621e000 	C:\Windows\system32\d3d9.dll
0x00007ffa8b720000 - 0x00007ffa8b74f000 	C:\Windows\SYSTEM32\dwmapi.dll
0x00007ffa8b530000 - 0x00007ffa8b5cf000 	C:\Windows\system32\uxtheme.dll
0x00007ffa56490000 - 0x00007ffa56efd000 	C:\Windows\SYSTEM32\igdumdim64.dll
0x00007ffa847a0000 - 0x00007ffa84c05000 	C:\Windows\SYSTEM32\igdusc64.dll
0x00007ffa5fd80000 - 0x00007ffa5fdc5000 	C:\Users\DonJuan\.openjfx\cache\13\glass.dll
0x00007ffa8fe30000 - 0x00007ffa8ff0a000 	C:\Windows\System32\COMDLG32.dll
0x00007ffa8eba0000 - 0x00007ffa8ecca000 	C:\Windows\System32\ole32.dll
0x00007ffa8e5f0000 - 0x00007ffa8e6bd000 	C:\Windows\System32\OLEAUT32.dll
0x00007ffa900b0000 - 0x00007ffa901c5000 	C:\Windows\System32\MSCTF.dll
0x00007ffa66030000 - 0x00007ffa66044000 	C:\Users\DonJuan\.openjfx\cache\13\javafx_font.dll
0x00007ffa78b30000 - 0x00007ffa78daf000 	C:\Windows\SYSTEM32\dwrite.dll
0x00007ffa8f180000 - 0x00007ffa8f229000 	C:\Windows\System32\clbcatq.dll
0x00007ffa88710000 - 0x00007ffa888c4000 	C:\Windows\SYSTEM32\WindowsCodecs.dll
0x00007ffa8df10000 - 0x00007ffa8df37000 	C:\Windows\System32\bcrypt.dll
0x00007ffa6a0d0000 - 0x00007ffa6a10e000 	C:\Windows\system32\dataexchange.dll
0x00007ffa89f70000 - 0x00007ffa8a1d4000 	C:\Windows\system32\d3d11.dll
0x00007ffa8a7a0000 - 0x00007ffa8a985000 	C:\Windows\system32\dcomp.dll
0x00007ffa8c410000 - 0x00007ffa8c503000 	C:\Windows\system32\dxgi.dll
0x00007ffa88960000 - 0x00007ffa88b68000 	C:\Windows\system32\twinapi.appcore.dll
0x00007ffa6e8b0000 - 0x00007ffa6e8e4000 	C:\Program Files\Common Files\Microsoft Shared\Ink\rtscom.dll
0x00007ffa7c050000 - 0x00007ffa7c14c000 	C:\Windows\SYSTEM32\textinputframework.dll
0x00007ffa8b150000 - 0x00007ffa8b242000 	C:\Windows\System32\CoreMessaging.dll
0x00007ffa8aa70000 - 0x00007ffa8adce000 	C:\Windows\System32\CoreUIComponents.dll
0x00007ffa8c800000 - 0x00007ffa8c833000 	C:\Windows\SYSTEM32\ntmarta.dll
0x00007ffa899b0000 - 0x00007ffa89b06000 	C:\Windows\SYSTEM32\wintypes.dll
0x00007ffa850e0000 - 0x00007ffa850e9000 	C:\Program Files\ojdkbuild\java-11-openjdk-11.0.11-1\bin\management.dll
0x00007ffa7dfa0000 - 0x00007ffa7dfac000 	C:\Program Files\ojdkbuild\java-11-openjdk-11.0.11-1\bin\management_ext.dll
0x00007ffa6e690000 - 0x00007ffa6e6a7000 	C:\Windows\system32\napinsp.dll
0x00007ffa6e670000 - 0x00007ffa6e68b000 	C:\Windows\system32\pnrpnsp.dll
0x00007ffa6e5e0000 - 0x00007ffa6e5f5000 	C:\Windows\system32\wshbth.dll
0x00007ffa89530000 - 0x00007ffa8954d000 	C:\Windows\system32\NLAapi.dll
0x00007ffa8ced0000 - 0x00007ffa8cf0b000 	C:\Windows\SYSTEM32\IPHLPAPI.DLL
0x00007ffa8cf10000 - 0x00007ffa8cfdb000 	C:\Windows\SYSTEM32\DNSAPI.dll
0x00007ffa8ee10000 - 0x00007ffa8ee19000 	C:\Windows\System32\NSI.dll
0x00007ffa6e650000 - 0x00007ffa6e662000 	C:\Windows\System32\winrnr.dll
0x00007ffa780a0000 - 0x00007ffa780aa000 	C:\Windows\System32\rasadhlp.dll
0x00007ffa831f0000 - 0x00007ffa8326f000 	C:\Windows\System32\fwpuclnt.dll
0x00007ffa894f0000 - 0x00007ffa894fe000 	C:\Program Files\ojdkbuild\java-11-openjdk-11.0.11-1\bin\sunmscapi.dll

dbghelp: loaded successfully - version: 4.0.5 - missing functions: none
symbol engine: initialized successfully - sym options: 0x614 - pdb path: .;C:\Program Files\ojdkbuild\java-11-openjdk-11.0.11-1\bin;C:\Windows\SYSTEM32;C:\Windows\WinSxS\amd64_microsoft.windows.common-controls_6595b64144ccf1df_6.0.19041.488_none_ca04af081b815d21;C:\Program Files\ojdkbuild\java-11-openjdk-11.0.11-1\bin\server;C:\Users\DonJuan\.openjfx\cache\13;C:\Program Files\Common Files\Microsoft Shared\Ink;C:\Users\DonJuan\AppData\Local\Temp\lwjglDonJuan\3.2.3-build-13

VM Arguments:
jvm_args: -Dfile.encoding=windows-1251 -Duser.country=RU -Duser.language=ru -Duser.variant 
java_command: ru.mirea.MireaApplication
java_class_path (initial): F:\Rep\Kursach-Java\Code\mirea\build\classes\java\main;F:\Rep\Kursach-Java\Code\mirea\build\resources\main;F:\Rep\Kursach-Java\Code\mirea\lib\Rlib&jME-javaFX-1.0.jar;C:\Users\DonJuan\.gradle\caches\modules-2\files-2.1\org.jmonkeyengine\jme3-lwjgl3\3.4.0-stable\4f3711a00508459e97cc3191e6f06d78e2cf58c2\jme3-lwjgl3-3.4.0-stable.jar;C:\Users\DonJuan\.gradle\caches\modules-2\files-2.1\org.jmonkeyengine\jme3-desktop\3.4.0-stable\1303420b60ebdecaad7e3dc7c50b9a6edb6d15d3\jme3-desktop-3.4.0-stable.jar;C:\Users\DonJuan\.gradle\caches\modules-2\files-2.1\org.jmonkeyengine\jme3-plugins\3.4.0-stable\cacca33f65c2f68b638c5000eafedaca871a8764\jme3-plugins-3.4.0-stable.jar;C:\Users\DonJuan\.gradle\caches\modules-2\files-2.1\org.jmonkeyengine\jme3-core\3.4.0-stable\b9ba72eb70d09a73c726e17e172652981ae7f9ed\jme3-core-3.4.0-stable.jar;C:\Users\DonJuan\.gradle\caches\modules-2\files-2.1\org.jetbrains\annotations\18.0.0\7e53956bd57f23498f021e5ddbd11111f7a3af54\annotations-18.0.0.jar;C:\Users\DonJuan\.gradle\caches\modules-2\files-2.1\org.springframework.boot\spring-boot-starter-data-jpa\2.4.5\cba91e070e601c55eec0d8a1948dcca15703ad37\spring-boot-starter-data-jpa-2.4.5.jar;C:\Users\DonJuan\.gradle\caches\modules-2\files-2.1\org.springframework.boot\spring-boot-starter-aop\2.4.5\853bfc5d1c867f66880971515bda82ecc737e839\spring-boot-starter-aop-2.4.5.jar;C:\Users\DonJuan\.gradle\caches\modules-2\files-2.1\org.springframework.boot\spring-boot-starter-jdbc\2.4.5\abcca18ef5a2c877a5574a492b570bb260640de3\spring-boot-starter-jdbc-2.4.5.jar;C:\Users\DonJuan\.gradle\caches\modules-2\files-2.1\org.springframework.boot\spring-boot-starter\2.4.5\5f5398f459beb958fc2ece1a433420bf03cec628\spring-boot-starter-2.4.5.jar;C:\Users\DonJuan\.gradle\caches\modules-2\files-2.1\org.postgresql\postgresql\42.2.19\85cb20fe8151b6d90900d5ae5cfe0ad7c3e8f921\postgresql-42.2.19.jar;C:\Users\DonJuan\.gradle\caches\modules-2\files-2.1\org.openjfx\javafx-fxml\13\ee55786ffd820bb7c8dd43d127a54b11416
Launcher Type: SUN_STANDARD

[Global flags]
     intx CICompilerCount                          = 3                                         {product} {ergonomic}
     uint ConcGCThreads                            = 1                                         {product} {ergonomic}
     uint G1ConcRefinementThreads                  = 4                                         {product} {ergonomic}
   size_t G1HeapRegionSize                         = 1048576                                   {product} {ergonomic}
    uintx GCDrainStackTargetSize                   = 64                                        {product} {ergonomic}
   size_t InitialHeapSize                          = 134217728                                 {product} {ergonomic}
   size_t MarkStackSize                            = 4194304                                   {product} {ergonomic}
   size_t MaxHeapSize                              = 2118123520                                {product} {ergonomic}
   size_t MaxNewSize                               = 1270874112                                {product} {ergonomic}
   size_t MinHeapDeltaBytes                        = 1048576                                   {product} {ergonomic}
    uintx NonNMethodCodeHeapSize                   = 5830732                                {pd product} {ergonomic}
    uintx NonProfiledCodeHeapSize                  = 122913754                              {pd product} {ergonomic}
    uintx ProfiledCodeHeapSize                     = 122913754                              {pd product} {ergonomic}
    uintx ReservedCodeCacheSize                    = 251658240                              {pd product} {ergonomic}
     bool SegmentedCodeCache                       = true                                      {product} {ergonomic}
     bool UseCompressedClassPointers               = true                                 {lp64_product} {ergonomic}
     bool UseCompressedOops                        = true                                 {lp64_product} {ergonomic}
     bool UseG1GC                                  = true                                      {product} {ergonomic}
     bool UseLargePagesIndividualAllocation        = false                                  {pd product} {ergonomic}

Logging:
Log output configuration:
 #0: stdout all=warning uptime,level,tags
 #1: stderr all=off uptime,level,tags

Environment Variables:
JAVA_HOME=C:\Program Files\ojdkbuild\java-11-openjdk-11.0.11-1
PATH=C:\VulkanSDK\1.2.176.1\Bin;C:\Program Files\ojdkbuild\java-11-openjdk-11.0.11-1\bin;C:\Program Files\ojdkbuild\java-11-openjdk-jre-11.0.11-1\bin;E:\gradle-7.0\bin;C:\Program Files\PowerShell\7\;C:\Program Files\Docker\Docker\resources\bin;C:\ProgramData\DockerDesktop\version-bin;C:\Windows\System32\OpenSSH;C:\Program Files (x86)\Launch4j;C:\Users\DonJuan\AppData\Local\Microsoft\WindowsApps;E:\Bandizip\;E:\Microsoft VS Code\bin;C:\Users\DonJuan\AppData\Local\gitkraken\bin;C:\Program Files (x86)\Rational\Common;C:\Windows\System32\OpenSSH;C:\Program Files (x86)\Launch4j;
USERNAME=DonJuan
OS=Windows_NT
PROCESSOR_IDENTIFIER=Intel64 Family 6 Model 55 Stepping 8, GenuineIntel



---------------  S Y S T E M  ---------------

OS: Windows 10 , 64 bit Build 19041 (10.0.19041.546)
OS uptime: 2 days 14:47 hours
Hyper-V role detected

CPU:total 4 (initial active 4) (4 cores per cpu, 1 threads per core) family 6 model 55 stepping 8 microcode 0x838, cmov, cx8, fxsr, mmx, sse, sse2, sse3, ssse3, sse4.1, sse4.2, popcnt, clmul, erms, 3dnowpref, tsc, tscinvbit

Memory: 4k page, system-wide physical 8073M (2603M free)
TotalPageFile size 11358M (AvailPageFile size 3896M)
current process WorkingSet (physical memory assigned to process): 472M, peak: 490M
current process commit charge ("private bytes"): 527M, peak: 531M

vm_info: OpenJDK 64-Bit Server VM (11.0.11+9-LTS) for windows-amd64 JRE (11.0.11+9-LTS), built on May  1 2021 22:09:19 by "" with MS VC++ 15.9 (VS2017)

END.
