#
# A fatal error has been detected by the Java Runtime Environment:
#
#  EXCEPTION_ACCESS_VIOLATION (0xc0000005) at pc=0x0000000000000000, pid=8112, tid=7620
#
# JRE version: OpenJDK Runtime Environment 18.9 (11.0.11+9) (build 11.0.11+9-LTS)
# Java VM: OpenJDK 64-Bit Server VM 18.9 (11.0.11+9-LTS, mixed mode, tiered, compressed oops, g1 gc, windows-amd64)
# Problematic frame:
# C  0x0000000000000000
#
# No core dump will be written. Minidumps are not enabled by default on client versions of Windows
#
# If you would like to submit a bug report, please visit:
#   https://github.com/ojdkbuild/ojdkbuild/issues
# The crash happened outside the Java Virtual Machine in native code.
# See problematic frame for where to report the bug.
#

---------------  S U M M A R Y ------------

Command Line: -Dfile.encoding=windows-1251 -Duser.country=RU -Duser.language=ru -Duser.variant ru.mirea.MireaApplication

Host: Intel(R) Pentium(R) CPU  N3540  @ 2.16GHz, 4 cores, 7G,  Windows 10 , 64 bit Build 19041 (10.0.19041.546)
Time: Mon Jul  5 06:29:42 2021 RTZ 2 (зима) elapsed time: 57.940450 seconds (0d 0h 0m 57s)

---------------  T H R E A D  ---------------

Current thread (0x00000260eca11000):  JavaThread "jME3 Main" [_thread_in_native, id=7620, stack(0x000000bebe700000,0x000000bebe800000)]

Stack: [0x000000bebe700000,0x000000bebe800000],  sp=0x000000bebe7fe5d8,  free space=1017k
Native frames: (J=compiled Java code, j=interpreted, Vv=VM code, C=native code)

Java frames: (J=compiled Java code, j=interpreted, Vv=VM code)
j  org.lwjgl.system.JNI.invokePPPP(IIJJJJ)J+0
j  org.lwjgl.glfw.GLFW.nglfwCreateWindow(IIJJJ)J+14
j  org.lwjgl.glfw.GLFW.glfwCreateWindow(IILjava/lang/CharSequence;JJ)J+37
j  com.jme3.system.lwjgl.LwjglWindow.createContext(Lcom/jme3/system/AppSettings;)V+325
j  com.jme3.system.lwjgl.LwjglWindow.initInThread()Z+34
j  com.jme3.system.lwjgl.LwjglWindow.run()V+32
j  com.jme3.system.lwjgl.LwjglWindow.create(Z)V+36
j  com.jme3.jfx.injfx.JmeOffscreenSurfaceContext.create(Z)V+31
j  com.jme3.app.LegacyApplication.start(Lcom/jme3/system/JmeContext$Type;Z)V+92
j  com.jme3.app.LegacyApplication.start()V+5
j  com.jme3.app.SimpleApplication.start()V+51
j  com.jme3.jfx.injfx.JmeToJfxIntegrator$$Lambda$1219.run()V+4
j  java.lang.Thread.run()V+11 java.base@11.0.11
v  ~StubRoutines::call_stub

siginfo: EXCEPTION_ACCESS_VIOLATION (0xc0000005), data execution prevention violation at address 0x0000000000000000


Register to memory mapping:

RIP=0x0 is NULL
RAX=0x0000000000000001 is an unknown value
RBX=0x00000260ed4f6660 points into unknown readable memory: 0x00000260ed4fbdb0 | b0 bd 4f ed 60 02 00 00
RCX=0x000000001c011802 is an unknown value
RDX=0x0 is NULL
RSP=0x000000bebe7fe5d8 is pointing into the stack for thread: 0x00000260eca11000
RBP=0x000000bebe7fe770 is pointing into the stack for thread: 0x00000260eca11000
RSI=0x000000001c011802 is an unknown value
RDI=0x0000000000000001 is an unknown value
R8 =0x0000000000000001 is an unknown value
R9 =0x0 is NULL
R10=0x00000260e8759230 points into unknown readable memory: 0x00000260e70a5fd0 | d0 5f 0a e7 60 02 00 00
R11=0x0000000000000003 is an unknown value
R12=0x0 is NULL
R13={method} {0x00000260817f6e30} 'invokePPPP' '(IIJJJJ)J' in 'org/lwjgl/system/JNI'
R14=0x0 is NULL
R15=0x00000260eca11000 is a thread


Registers:
RAX=0x0000000000000001, RBX=0x00000260ed4f6660, RCX=0x000000001c011802, RDX=0x0000000000000000
RSP=0x000000bebe7fe5d8, RBP=0x000000bebe7fe770, RSI=0x000000001c011802, RDI=0x0000000000000001
R8 =0x0000000000000001, R9 =0x0000000000000000, R10=0x00000260e8759230, R11=0x0000000000000003
R12=0x0000000000000000, R13=0x00000260817f6e28, R14=0x0000000000000000, R15=0x00000260eca11000
RIP=0x0000000000000000, EFLAGS=0x0000000000010202

Top of Stack: (sp=0x000000bebe7fe5d8)
0x000000bebe7fe5d8:   00007ffa5e74f21a 00000260ed4f6660
0x000000bebe7fe5e8:   000000bebe7fe770 000000001c011802
0x000000bebe7fe5f8:   00007ffa7c4d0000 0000002500010028
0x000000bebe7fe608:   0000000000001800 0000000000000000
0x000000bebe7fe618:   0000000000000000 0000000000000000
0x000000bebe7fe628:   0000a4fffbcad109 000000bebe7fe690
0x000000bebe7fe638:   00007ffa5e74ad18 00000260ed4f6660
0x000000bebe7fe648:   0000000000000390 000000bebe7fea10
0x000000bebe7fe658:   00007ffa00000000 0000000000000200
0x000000bebe7fe668:   00007ffa5e746236 00000260ed4f6660
0x000000bebe7fe678:   0000000000000200 00000260d0481000
0x000000bebe7fe688:   00007ffa5806637a 0003600100030001
0x000000bebe7fe698:   0000000300000003 0000000000000001
0x000000bebe7fe6a8:   0003200100000000 0000000000000000
0x000000bebe7fe6b8:   0000000000000000 0000000000000000
0x000000bebe7fe6c8:   000000bebe7fe900 0000020000000200 

Instructions: (pc=0x0000000000000000)
0xffffffffffffff00:   


Stack slot to memory mapping:
stack at sp + 0 slots: 0x00007ffa5e74f21a points into unknown readable memory: 48 8b d8 48 85 c0
stack at sp + 1 slots: 0x00000260ed4f6660 points into unknown readable memory: 0x00000260ed4fbdb0 | b0 bd 4f ed 60 02 00 00
stack at sp + 2 slots: 0x000000bebe7fe770 is pointing into the stack for thread: 0x00000260eca11000
stack at sp + 3 slots: 0x000000001c011802 is an unknown value
stack at sp + 4 slots: 0x00007ffa7c4d0000 points into unknown readable memory: 0x0000000300905a4d | 4d 5a 90 00 03 00 00 00
stack at sp + 5 slots: 0x0000002500010028 is an unknown value
stack at sp + 6 slots: 0x0000000000001800 is an unknown value
stack at sp + 7 slots: 0x0 is NULL


---------------  P R O C E S S  ---------------

Threads class SMR info:
_java_thread_list=0x00000260edab45c0, length=29, elements={
0x00000260c7d3f800, 0x00000260e6452800, 0x00000260e6454000, 0x00000260e6470800,
0x00000260e6dd3800, 0x00000260e6dd5000, 0x00000260e6dda000, 0x00000260e6ddf800,
0x00000260e6deb000, 0x00000260e6f6d800, 0x00000260e7031000, 0x00000260e7952000,
0x00000260e798b800, 0x00000260e7b84000, 0x00000260e7bd3000, 0x00000260e87a0000,
0x00000260e8793000, 0x00000260ed689800, 0x00000260ed686800, 0x00000260ed688000,
0x00000260ed68a800, 0x00000260ed68b800, 0x00000260ed685800, 0x00000260ed687800,
0x00000260eca11000, 0x00000260eca0e800, 0x00000260eca12000, 0x00000260eca0c800,
0x00000260eca13000
}

Java Threads: ( => current thread )
  0x00000260c7d3f800 JavaThread "main" [_thread_blocked, id=2888, stack(0x000000bebad00000,0x000000bebae00000)]
  0x00000260e6452800 JavaThread "Reference Handler" daemon [_thread_blocked, id=7256, stack(0x000000bebb400000,0x000000bebb500000)]
  0x00000260e6454000 JavaThread "Finalizer" daemon [_thread_blocked, id=1076, stack(0x000000bebb500000,0x000000bebb600000)]
  0x00000260e6470800 JavaThread "Signal Dispatcher" daemon [_thread_blocked, id=4244, stack(0x000000bebb600000,0x000000bebb700000)]
  0x00000260e6dd3800 JavaThread "Attach Listener" daemon [_thread_blocked, id=1568, stack(0x000000bebb700000,0x000000bebb800000)]
  0x00000260e6dd5000 JavaThread "Service Thread" daemon [_thread_blocked, id=8744, stack(0x000000bebb800000,0x000000bebb900000)]
  0x00000260e6dda000 JavaThread "C2 CompilerThread0" daemon [_thread_blocked, id=3616, stack(0x000000bebb900000,0x000000bebba00000)]
  0x00000260e6ddf800 JavaThread "C1 CompilerThread0" daemon [_thread_blocked, id=8712, stack(0x000000bebba00000,0x000000bebbb00000)]
  0x00000260e6deb000 JavaThread "Sweeper thread" daemon [_thread_blocked, id=6108, stack(0x000000bebbb00000,0x000000bebbc00000)]
  0x00000260e6f6d800 JavaThread "Common-Cleaner" daemon [_thread_blocked, id=2224, stack(0x000000bebbd00000,0x000000bebbe00000)]
  0x00000260e7031000 JavaThread "JavaFX-Launcher" [_thread_blocked, id=1504, stack(0x000000bebbe00000,0x000000bebbf00000)]
  0x00000260e7952000 JavaThread "QuantumRenderer-0" daemon [_thread_blocked, id=7492, stack(0x000000bebc000000,0x000000bebc100000)]
  0x00000260e798b800 JavaThread "InvokeLaterDispatcher" daemon [_thread_blocked, id=4732, stack(0x000000bebc200000,0x000000bebc300000)]
  0x00000260e7b84000 JavaThread "JavaFX Application Thread" [_thread_in_native, id=6664, stack(0x000000bebc300000,0x000000bebc400000)]
  0x00000260e7bd3000 JavaThread "Thread-2" daemon [_thread_in_native, id=1700, stack(0x000000bebca00000,0x000000bebcb00000)]
  0x00000260e87a0000 JavaThread "Prism Font Disposer" daemon [_thread_blocked, id=2884, stack(0x000000bebcf00000,0x000000bebd000000)]
  0x00000260e8793000 JavaThread "Cleaner-0" daemon [_thread_blocked, id=5596, stack(0x000000bebd200000,0x000000bebd300000)]
  0x00000260ed689800 JavaThread "PostgreSQL-JDBC-SharedTimer-1" daemon [_thread_blocked, id=10188, stack(0x000000bebd400000,0x000000bebd500000)]
  0x00000260ed686800 JavaThread "HikariPool-1 housekeeper" daemon [_thread_blocked, id=7248, stack(0x000000bebd000000,0x000000bebd100000)]
  0x00000260ed688000 JavaThread "Java2D Disposer" daemon [_thread_blocked, id=5384, stack(0x000000bebd500000,0x000000bebd600000)]
  0x00000260ed68a800 JavaThread "AWT-Windows" daemon [_thread_in_native, id=9928, stack(0x000000bebd800000,0x000000bebd900000)]
  0x00000260ed68b800 JavaThread "JFXMedia Player EventQueueThread" daemon [_thread_blocked, id=9324, stack(0x000000bebd700000,0x000000bebd800000)]
  0x00000260ed685800 JavaThread "Media Resource Disposer" daemon [_thread_blocked, id=4892, stack(0x000000bebd100000,0x000000bebd200000)]
  0x00000260ed687800 JavaThread "Timer-0" daemon [_thread_blocked, id=8272, stack(0x000000bebe600000,0x000000bebe700000)]
=>0x00000260eca11000 JavaThread "jME3 Main" [_thread_in_native, id=7620, stack(0x000000bebe700000,0x000000bebe800000)]
  0x00000260eca0e800 JavaThread "AWT-Shutdown" [_thread_blocked, id=9504, stack(0x000000bebe900000,0x000000bebea00000)]
  0x00000260eca12000 JavaThread "AWT-EventQueue-0" [_thread_in_vm, id=10184, stack(0x000000bebea00000,0x000000bebeb00000)]
  0x00000260eca0c800 JavaThread "TimerQueue" daemon [_thread_blocked, id=4164, stack(0x000000bebd600000,0x000000bebd700000)]
  0x00000260eca13000 JavaThread "Thread-2251" [_thread_in_vm, id=7432, stack(0x000000bebe500000,0x000000bebe600000)] _threads_hazard_ptr=0x00000260edab45c0

Other Threads:
  0x00000260e642d000 VMThread "VM Thread" [stack: 0x000000bebb300000,0x000000bebb400000] [id=2460]
  0x00000260e6f64000 WatcherThread [stack: 0x000000bebbc00000,0x000000bebbd00000] [id=5024]
  0x00000260c7d59000 GCTaskThread "GC Thread#0" [stack: 0x000000bebae00000,0x000000bebaf00000] [id=4708]
  0x00000260e7b85000 GCTaskThread "GC Thread#1" [stack: 0x000000bebc400000,0x000000bebc500000] [id=7904]
  0x00000260e7d08800 GCTaskThread "GC Thread#2" [stack: 0x000000bebc500000,0x000000bebc600000] [id=10112]
  0x00000260e7d09000 GCTaskThread "GC Thread#3" [stack: 0x000000bebc600000,0x000000bebc700000] [id=7836]
  0x00000260c7d91800 ConcurrentGCThread "G1 Main Marker" [stack: 0x000000bebaf00000,0x000000bebb000000] [id=7660]
  0x00000260c7d93000 ConcurrentGCThread "G1 Conc#0" [stack: 0x000000bebb000000,0x000000bebb100000] [id=6736]
  0x00000260e6296800 ConcurrentGCThread "G1 Refine#0" [stack: 0x000000bebb100000,0x000000bebb200000] [id=1624]
  0x00000260e7e75800 ConcurrentGCThread "G1 Refine#1" [stack: 0x000000bebcb00000,0x000000bebcc00000] [id=3568]
  0x00000260e7e76000 ConcurrentGCThread "G1 Refine#2" [stack: 0x000000bebcc00000,0x000000bebcd00000] [id=956]
  0x00000260e6297000 ConcurrentGCThread "G1 Young RemSet Sampling" [stack: 0x000000bebb200000,0x000000bebb300000] [id=10192]

Threads with active compile tasks:
C1 CompilerThread0  58150 8164   !   3       javax.swing.UIManager::maybeInitialize (36 bytes)

VM state:not at safepoint (normal execution)

VM Mutex/Monitor currently owned by a thread: None

Heap address: 0x0000000081c00000, size: 2020 MB, Compressed Oops mode: 32-bit
Narrow klass base: 0x0000000000000000, Narrow klass shift: 3
Compressed class space size: 1073741824 Address: 0x0000000100000000

Heap:
 garbage-first heap   total 131072K, used 76958K [0x0000000081c00000, 0x0000000100000000)
  region size 1024K, 15 young (15360K), 5 survivors (5120K)
 Metaspace       used 77506K, capacity 79746K, committed 79872K, reserved 1118208K
  class space    used 10044K, capacity 10985K, committed 11008K, reserved 1048576K
Heap Regions: E=young(eden), S=young(survivor), O=old, HS=humongous(starts), HC=humongous(continues), CS=collection set, F=free, A=archive, TAMS=top-at-mark-start (previous, next)
|   0|0x0000000081c00000, 0x0000000081d00000, 0x0000000081d00000|100%| O|  |TAMS 0x0000000081d00000, 0x0000000081c00000| Untracked 
|   1|0x0000000081d00000, 0x0000000081e00000, 0x0000000081e00000|100%|HS|  |TAMS 0x0000000081e00000, 0x0000000081d00000| Complete 
|   2|0x0000000081e00000, 0x0000000081f00000, 0x0000000081f00000|100%| O|  |TAMS 0x0000000081f00000, 0x0000000081e00000| Untracked 
|   3|0x0000000081f00000, 0x0000000082000000, 0x0000000082000000|100%|HS|  |TAMS 0x0000000082000000, 0x0000000081f00000| Complete 
|   4|0x0000000082000000, 0x0000000082100000, 0x0000000082100000|100%|HS|  |TAMS 0x0000000082100000, 0x0000000082000000| Complete 
|   5|0x0000000082100000, 0x0000000082200000, 0x0000000082200000|100%|HS|  |TAMS 0x0000000082200000, 0x0000000082100000| Complete 
|   6|0x0000000082200000, 0x0000000082300000, 0x0000000082300000|100%|HS|  |TAMS 0x0000000082300000, 0x0000000082200000| Complete 
|   7|0x0000000082300000, 0x0000000082400000, 0x0000000082400000|100%|HS|  |TAMS 0x0000000082400000, 0x0000000082300000| Complete 
|   8|0x0000000082400000, 0x0000000082500000, 0x0000000082500000|100%|HS|  |TAMS 0x0000000082500000, 0x0000000082400000| Complete 
|   9|0x0000000082500000, 0x0000000082600000, 0x0000000082600000|100%|HS|  |TAMS 0x0000000082600000, 0x0000000082500000| Complete 
|  10|0x0000000082600000, 0x0000000082700000, 0x0000000082700000|100%|HS|  |TAMS 0x0000000082700000, 0x0000000082600000| Complete 
|  11|0x0000000082700000, 0x0000000082800000, 0x0000000082800000|100%|HS|  |TAMS 0x0000000082800000, 0x0000000082700000| Complete 
|  12|0x0000000082800000, 0x0000000082900000, 0x0000000082900000|100%|HS|  |TAMS 0x0000000082900000, 0x0000000082800000| Complete 
|  13|0x0000000082900000, 0x0000000082a00000, 0x0000000082a00000|100%|HS|  |TAMS 0x0000000082a00000, 0x0000000082900000| Complete 
|  14|0x0000000082a00000, 0x0000000082b00000, 0x0000000082b00000|100%|HS|  |TAMS 0x0000000082b00000, 0x0000000082a00000| Complete 
|  15|0x0000000082b00000, 0x0000000082c00000, 0x0000000082c00000|100%|HS|  |TAMS 0x0000000082c00000, 0x0000000082b00000| Complete 
|  16|0x0000000082c00000, 0x0000000082d00000, 0x0000000082d00000|100%|HS|  |TAMS 0x0000000082d00000, 0x0000000082c00000| Complete 
|  17|0x0000000082d00000, 0x0000000082e00000, 0x0000000082e00000|100%|HS|  |TAMS 0x0000000082e00000, 0x0000000082d00000| Complete 
|  18|0x0000000082e00000, 0x0000000082f00000, 0x0000000082f00000|100%|HS|  |TAMS 0x0000000082f00000, 0x0000000082e00000| Complete 
|  19|0x0000000082f00000, 0x0000000083000000, 0x0000000083000000|100%|HS|  |TAMS 0x0000000083000000, 0x0000000082f00000| Complete 
|  20|0x0000000083000000, 0x0000000083100000, 0x0000000083100000|100%|HS|  |TAMS 0x0000000083100000, 0x0000000083000000| Complete 
|  21|0x0000000083100000, 0x0000000083200000, 0x0000000083200000|100%|HS|  |TAMS 0x0000000083200000, 0x0000000083100000| Complete 
|  22|0x0000000083200000, 0x0000000083300000, 0x0000000083300000|100%|HS|  |TAMS 0x0000000083300000, 0x0000000083200000| Complete 
|  23|0x0000000083300000, 0x0000000083400000, 0x0000000083400000|100%| O|  |TAMS 0x0000000083400000, 0x0000000083300000| Untracked 
|  24|0x0000000083400000, 0x0000000083500000, 0x0000000083500000|100%| O|  |TAMS 0x0000000083500000, 0x0000000083400000| Untracked 
|  25|0x0000000083500000, 0x0000000083600000, 0x0000000083600000|100%|HS|  |TAMS 0x0000000083600000, 0x0000000083500000| Complete 
|  26|0x0000000083600000, 0x0000000083700000, 0x0000000083700000|100%|HS|  |TAMS 0x0000000083700000, 0x0000000083600000| Complete 
|  27|0x0000000083700000, 0x0000000083800000, 0x0000000083800000|100%|HS|  |TAMS 0x0000000083800000, 0x0000000083700000| Complete 
|  28|0x0000000083800000, 0x0000000083900000, 0x0000000083900000|100%|HS|  |TAMS 0x0000000083900000, 0x0000000083800000| Complete 
|  29|0x0000000083900000, 0x0000000083a00000, 0x0000000083a00000|100%|HS|  |TAMS 0x0000000083a00000, 0x0000000083900000| Complete 
|  30|0x0000000083a00000, 0x0000000083b00000, 0x0000000083b00000|100%|HS|  |TAMS 0x0000000083b00000, 0x0000000083a00000| Complete 
|  31|0x0000000083b00000, 0x0000000083c00000, 0x0000000083c00000|100%|HS|  |TAMS 0x0000000083c00000, 0x0000000083b00000| Complete 
|  32|0x0000000083c00000, 0x0000000083d00000, 0x0000000083d00000|100%|HS|  |TAMS 0x0000000083d00000, 0x0000000083c00000| Complete 
|  33|0x0000000083d00000, 0x0000000083e00000, 0x0000000083e00000|100%|HS|  |TAMS 0x0000000083e00000, 0x0000000083d00000| Complete 
|  34|0x0000000083e00000, 0x0000000083f00000, 0x0000000083f00000|100%|HS|  |TAMS 0x0000000083f00000, 0x0000000083e00000| Complete 
|  35|0x0000000083f00000, 0x0000000084000000, 0x0000000084000000|100%|HS|  |TAMS 0x0000000084000000, 0x0000000083f00000| Complete 
|  36|0x0000000084000000, 0x0000000084100000, 0x0000000084100000|100%|HS|  |TAMS 0x0000000084100000, 0x0000000084000000| Complete 
|  37|0x0000000084100000, 0x0000000084200000, 0x0000000084200000|100%|HS|  |TAMS 0x0000000084200000, 0x0000000084100000| Complete 
|  38|0x0000000084200000, 0x0000000084300000, 0x0000000084300000|100%|HS|  |TAMS 0x0000000084300000, 0x0000000084200000| Complete 
|  39|0x0000000084300000, 0x0000000084400000, 0x0000000084400000|100%|HS|  |TAMS 0x0000000084400000, 0x0000000084300000| Complete 
|  40|0x0000000084400000, 0x0000000084500000, 0x0000000084500000|100%|HS|  |TAMS 0x0000000084500000, 0x0000000084400000| Complete 
|  41|0x0000000084500000, 0x0000000084600000, 0x0000000084600000|100%| O|  |TAMS 0x0000000084600000, 0x0000000084500000| Untracked 
|  42|0x0000000084600000, 0x0000000084700000, 0x0000000084700000|100%| O|  |TAMS 0x0000000084700000, 0x0000000084600000| Untracked 
|  43|0x0000000084700000, 0x0000000084800000, 0x0000000084800000|100%| O|  |TAMS 0x0000000084800000, 0x0000000084700000| Untracked 
|  44|0x0000000084800000, 0x0000000084900000, 0x0000000084900000|100%| O|  |TAMS 0x0000000084900000, 0x0000000084800000| Untracked 
|  45|0x0000000084900000, 0x0000000084a00000, 0x0000000084a00000|100%| O|  |TAMS 0x0000000084a00000, 0x0000000084900000| Untracked 
|  46|0x0000000084a00000, 0x0000000084b00000, 0x0000000084b00000|100%| O|  |TAMS 0x0000000084b00000, 0x0000000084a00000| Untracked 
|  47|0x0000000084b00000, 0x0000000084c00000, 0x0000000084c00000|100%|HS|  |TAMS 0x0000000084c00000, 0x0000000084b00000| Complete 
|  48|0x0000000084c00000, 0x0000000084d00000, 0x0000000084d00000|100%|HC|  |TAMS 0x0000000084d00000, 0x0000000084c00000| Complete 
|  49|0x0000000084d00000, 0x0000000084e00000, 0x0000000084e00000|100%| O|  |TAMS 0x0000000084e00000, 0x0000000084d00000| Untracked 
|  50|0x0000000084e00000, 0x0000000084f00000, 0x0000000084f00000|100%| O|  |TAMS 0x0000000084f00000, 0x0000000084e00000| Untracked 
|  51|0x0000000084f00000, 0x0000000085000000, 0x0000000085000000|100%| O|  |TAMS 0x0000000085000000, 0x0000000084f00000| Untracked 
|  52|0x0000000085000000, 0x0000000085100000, 0x0000000085100000|100%| O|  |TAMS 0x0000000085100000, 0x0000000085000000| Untracked 
|  53|0x0000000085100000, 0x0000000085200000, 0x0000000085200000|100%| O|  |TAMS 0x0000000085200000, 0x0000000085100000| Untracked 
|  54|0x0000000085200000, 0x0000000085300000, 0x0000000085300000|100%| O|  |TAMS 0x0000000085300000, 0x0000000085200000| Untracked 
|  55|0x0000000085300000, 0x0000000085400000, 0x0000000085400000|100%| O|  |TAMS 0x0000000085400000, 0x0000000085300000| Untracked 
|  56|0x0000000085400000, 0x0000000085500000, 0x0000000085500000|100%| O|  |TAMS 0x0000000085500000, 0x0000000085400000| Untracked 
|  57|0x0000000085500000, 0x0000000085600000, 0x0000000085600000|100%| O|  |TAMS 0x0000000085600000, 0x0000000085500000| Untracked 
|  58|0x0000000085600000, 0x0000000085700000, 0x0000000085700000|100%| O|  |TAMS 0x0000000085700000, 0x0000000085600000| Untracked 
|  59|0x0000000085700000, 0x0000000085800000, 0x0000000085800000|100%| O|  |TAMS 0x0000000085800000, 0x0000000085700000| Untracked 
|  60|0x0000000085800000, 0x0000000085900000, 0x0000000085900000|100%| O|  |TAMS 0x0000000085900000, 0x0000000085800000| Untracked 
|  61|0x0000000085900000, 0x0000000085927800, 0x0000000085a00000| 15%| O|  |TAMS 0x0000000085927800, 0x0000000085900000| Untracked 
|  62|0x0000000085a00000, 0x0000000085a00000, 0x0000000085b00000|  0%| F|  |TAMS 0x0000000085a00000, 0x0000000085a00000| Untracked 
|  63|0x0000000085b00000, 0x0000000085b00000, 0x0000000085c00000|  0%| F|  |TAMS 0x0000000085b00000, 0x0000000085b00000| Untracked 
|  64|0x0000000085c00000, 0x0000000085c00000, 0x0000000085d00000|  0%| F|  |TAMS 0x0000000085c00000, 0x0000000085c00000| Untracked 
|  65|0x0000000085d00000, 0x0000000085d00000, 0x0000000085e00000|  0%| F|  |TAMS 0x0000000085d00000, 0x0000000085d00000| Untracked 
|  66|0x0000000085e00000, 0x0000000085e00000, 0x0000000085f00000|  0%| F|  |TAMS 0x0000000085e00000, 0x0000000085e00000| Untracked 
|  67|0x0000000085f00000, 0x0000000085f00000, 0x0000000086000000|  0%| F|  |TAMS 0x0000000085f00000, 0x0000000085f00000| Untracked 
|  68|0x0000000086000000, 0x0000000086000000, 0x0000000086100000|  0%| F|  |TAMS 0x0000000086000000, 0x0000000086000000| Untracked 
|  69|0x0000000086100000, 0x0000000086100000, 0x0000000086200000|  0%| F|  |TAMS 0x0000000086100000, 0x0000000086100000| Untracked 
|  70|0x0000000086200000, 0x0000000086200000, 0x0000000086300000|  0%| F|  |TAMS 0x0000000086200000, 0x0000000086200000| Untracked 
|  71|0x0000000086300000, 0x0000000086300000, 0x0000000086400000|  0%| F|  |TAMS 0x0000000086300000, 0x0000000086300000| Untracked 
|  72|0x0000000086400000, 0x0000000086400000, 0x0000000086500000|  0%| F|  |TAMS 0x0000000086400000, 0x0000000086400000| Untracked 
|  73|0x0000000086500000, 0x0000000086600000, 0x0000000086600000|100%| S|CS|TAMS 0x0000000086500000, 0x0000000086500000| Complete 
|  74|0x0000000086600000, 0x0000000086700000, 0x0000000086700000|100%| S|CS|TAMS 0x0000000086600000, 0x0000000086600000| Complete 
|  75|0x0000000086700000, 0x0000000086700000, 0x0000000086800000|  0%| F|  |TAMS 0x0000000086700000, 0x0000000086700000| Untracked 
|  76|0x0000000086800000, 0x0000000086800000, 0x0000000086900000|  0%| F|  |TAMS 0x0000000086800000, 0x0000000086800000| Untracked 
|  77|0x0000000086900000, 0x0000000086900000, 0x0000000086a00000|  0%| F|  |TAMS 0x0000000086900000, 0x0000000086900000| Untracked 
|  78|0x0000000086a00000, 0x0000000086a00000, 0x0000000086b00000|  0%| F|  |TAMS 0x0000000086a00000, 0x0000000086a00000| Untracked 
|  79|0x0000000086b00000, 0x0000000086c00000, 0x0000000086c00000|100%| S|CS|TAMS 0x0000000086b00000, 0x0000000086b00000| Complete 
|  80|0x0000000086c00000, 0x0000000086d00000, 0x0000000086d00000|100%| S|CS|TAMS 0x0000000086c00000, 0x0000000086c00000| Complete 
|  81|0x0000000086d00000, 0x0000000086e00000, 0x0000000086e00000|100%| S|CS|TAMS 0x0000000086d00000, 0x0000000086d00000| Complete 
|  82|0x0000000086e00000, 0x0000000086e00000, 0x0000000086f00000|  0%| F|  |TAMS 0x0000000086e00000, 0x0000000086e00000| Untracked 
|  83|0x0000000086f00000, 0x0000000086f00000, 0x0000000087000000|  0%| F|  |TAMS 0x0000000086f00000, 0x0000000086f00000| Untracked 
|  84|0x0000000087000000, 0x0000000087000000, 0x0000000087100000|  0%| F|  |TAMS 0x0000000087000000, 0x0000000087000000| Untracked 
|  85|0x0000000087100000, 0x0000000087100000, 0x0000000087200000|  0%| F|  |TAMS 0x0000000087100000, 0x0000000087100000| Untracked 
|  86|0x0000000087200000, 0x0000000087200000, 0x0000000087300000|  0%| F|  |TAMS 0x0000000087200000, 0x0000000087200000| Untracked 
|  87|0x0000000087300000, 0x0000000087300000, 0x0000000087400000|  0%| F|  |TAMS 0x0000000087300000, 0x0000000087300000| Untracked 
|  88|0x0000000087400000, 0x0000000087400000, 0x0000000087500000|  0%| F|  |TAMS 0x0000000087400000, 0x0000000087400000| Untracked 
|  89|0x0000000087500000, 0x0000000087500000, 0x0000000087600000|  0%| F|  |TAMS 0x0000000087500000, 0x0000000087500000| Untracked 
|  90|0x0000000087600000, 0x0000000087600000, 0x0000000087700000|  0%| F|  |TAMS 0x0000000087600000, 0x0000000087600000| Untracked 
|  91|0x0000000087700000, 0x0000000087700000, 0x0000000087800000|  0%| F|  |TAMS 0x0000000087700000, 0x0000000087700000| Untracked 
|  92|0x0000000087800000, 0x0000000087800000, 0x0000000087900000|  0%| F|  |TAMS 0x0000000087800000, 0x0000000087800000| Untracked 
|  93|0x0000000087900000, 0x0000000087900000, 0x0000000087a00000|  0%| F|  |TAMS 0x0000000087900000, 0x0000000087900000| Untracked 
|  94|0x0000000087a00000, 0x0000000087a00000, 0x0000000087b00000|  0%| F|  |TAMS 0x0000000087a00000, 0x0000000087a00000| Untracked 
|  95|0x0000000087b00000, 0x0000000087b00000, 0x0000000087c00000|  0%| F|  |TAMS 0x0000000087b00000, 0x0000000087b00000| Untracked 
|  96|0x0000000087c00000, 0x0000000087c00000, 0x0000000087d00000|  0%| F|  |TAMS 0x0000000087c00000, 0x0000000087c00000| Untracked 
|  97|0x0000000087d00000, 0x0000000087d00000, 0x0000000087e00000|  0%| F|  |TAMS 0x0000000087d00000, 0x0000000087d00000| Untracked 
|  98|0x0000000087e00000, 0x0000000087e00000, 0x0000000087f00000|  0%| F|  |TAMS 0x0000000087e00000, 0x0000000087e00000| Untracked 
|  99|0x0000000087f00000, 0x0000000087f00000, 0x0000000088000000|  0%| F|  |TAMS 0x0000000087f00000, 0x0000000087f00000| Untracked 
| 100|0x0000000088000000, 0x0000000088000000, 0x0000000088100000|  0%| F|  |TAMS 0x0000000088000000, 0x0000000088000000| Untracked 
| 101|0x0000000088100000, 0x0000000088100000, 0x0000000088200000|  0%| F|  |TAMS 0x0000000088100000, 0x0000000088100000| Untracked 
| 102|0x0000000088200000, 0x0000000088200000, 0x0000000088300000|  0%| F|  |TAMS 0x0000000088200000, 0x0000000088200000| Untracked 
| 103|0x0000000088300000, 0x0000000088300000, 0x0000000088400000|  0%| F|  |TAMS 0x0000000088300000, 0x0000000088300000| Untracked 
| 104|0x0000000088400000, 0x0000000088400000, 0x0000000088500000|  0%| F|  |TAMS 0x0000000088400000, 0x0000000088400000| Untracked 
| 105|0x0000000088500000, 0x0000000088500000, 0x0000000088600000|  0%| F|  |TAMS 0x0000000088500000, 0x0000000088500000| Untracked 
| 106|0x0000000088600000, 0x0000000088600000, 0x0000000088700000|  0%| F|  |TAMS 0x0000000088600000, 0x0000000088600000| Untracked 
| 107|0x0000000088700000, 0x0000000088700000, 0x0000000088800000|  0%| F|  |TAMS 0x0000000088700000, 0x0000000088700000| Untracked 
| 108|0x0000000088800000, 0x0000000088800000, 0x0000000088900000|  0%| F|  |TAMS 0x0000000088800000, 0x0000000088800000| Untracked 
| 109|0x0000000088900000, 0x0000000088900000, 0x0000000088a00000|  0%| F|  |TAMS 0x0000000088900000, 0x0000000088900000| Untracked 
| 110|0x0000000088a00000, 0x0000000088a00000, 0x0000000088b00000|  0%| F|  |TAMS 0x0000000088a00000, 0x0000000088a00000| Untracked 
| 111|0x0000000088b00000, 0x0000000088b00000, 0x0000000088c00000|  0%| F|  |TAMS 0x0000000088b00000, 0x0000000088b00000| Untracked 
| 112|0x0000000088c00000, 0x0000000088c00000, 0x0000000088d00000|  0%| F|  |TAMS 0x0000000088c00000, 0x0000000088c00000| Untracked 
| 113|0x0000000088d00000, 0x0000000088d00000, 0x0000000088e00000|  0%| F|  |TAMS 0x0000000088d00000, 0x0000000088d00000| Untracked 
| 114|0x0000000088e00000, 0x0000000088e00000, 0x0000000088f00000|  0%| F|  |TAMS 0x0000000088e00000, 0x0000000088e00000| Untracked 
| 115|0x0000000088f00000, 0x0000000088f00000, 0x0000000089000000|  0%| F|  |TAMS 0x0000000088f00000, 0x0000000088f00000| Untracked 
| 116|0x0000000089000000, 0x0000000089000000, 0x0000000089100000|  0%| F|  |TAMS 0x0000000089000000, 0x0000000089000000| Untracked 
| 117|0x0000000089100000, 0x0000000089100000, 0x0000000089200000|  0%| F|  |TAMS 0x0000000089100000, 0x0000000089100000| Untracked 
| 118|0x0000000089200000, 0x0000000089278360, 0x0000000089300000| 46%| E|  |TAMS 0x0000000089200000, 0x0000000089200000| Complete 
| 119|0x0000000089300000, 0x0000000089400000, 0x0000000089400000|100%| E|CS|TAMS 0x0000000089300000, 0x0000000089300000| Complete 
| 120|0x0000000089400000, 0x0000000089500000, 0x0000000089500000|100%| E|CS|TAMS 0x0000000089400000, 0x0000000089400000| Complete 
| 121|0x0000000089500000, 0x0000000089600000, 0x0000000089600000|100%| E|CS|TAMS 0x0000000089500000, 0x0000000089500000| Complete 
| 122|0x0000000089600000, 0x0000000089700000, 0x0000000089700000|100%| E|CS|TAMS 0x0000000089600000, 0x0000000089600000| Complete 
| 123|0x0000000089700000, 0x0000000089800000, 0x0000000089800000|100%| E|CS|TAMS 0x0000000089700000, 0x0000000089700000| Complete 
| 124|0x0000000089800000, 0x0000000089900000, 0x0000000089900000|100%| E|CS|TAMS 0x0000000089800000, 0x0000000089800000| Complete 
| 125|0x0000000089900000, 0x0000000089a00000, 0x0000000089a00000|100%| E|CS|TAMS 0x0000000089900000, 0x0000000089900000| Complete 
| 126|0x0000000089a00000, 0x0000000089b00000, 0x0000000089b00000|100%| E|CS|TAMS 0x0000000089a00000, 0x0000000089a00000| Complete 
| 127|0x0000000089b00000, 0x0000000089c00000, 0x0000000089c00000|100%| E|CS|TAMS 0x0000000089b00000, 0x0000000089b00000| Complete 

Card table byte_map: [0x00000260df830000,0x00000260dfc30000] _byte_map_base: 0x00000260df422000

Marking Bits (Prev, Next): (CMBitMap*) 0x00000260c7d89008, (CMBitMap*) 0x00000260c7d89040
 Prev Bits: [0x00000260e0030000, 0x00000260e1fc0000)
 Next Bits: [0x00000260e1fc0000, 0x00000260e3f50000)

Polling page: 0x00000260c5c70000

Metaspace:

Usage:
  Non-class:     67.15 MB capacity,    65.88 MB ( 98%) used,  1017.91 KB (  1%) free+waste,   280.56 KB ( <1%) overhead. 
      Class:     10.73 MB capacity,     9.81 MB ( 91%) used,   803.94 KB (  7%) free+waste,   136.75 KB (  1%) overhead. 
       Both:     77.88 MB capacity,    75.69 MB ( 97%) used,     1.78 MB (  2%) free+waste,   417.31 KB ( <1%) overhead. 

Virtual space:
  Non-class space:       68.00 MB reserved,      67.25 MB ( 99%) committed 
      Class space:        1.00 GB reserved,      10.75 MB (  1%) committed 
             Both:        1.07 GB reserved,      78.00 MB (  7%) committed 

Chunk freelists:
   Non-Class:  39.00 KB
       Class:  23.00 KB
        Both:  62.00 KB

MaxMetaspaceSize: 17179869184.00 GB
CompressedClassSpaceSize: 1.00 GB

CodeHeap 'non-profiled nmethods': size=120064Kb used=4773Kb max_used=4773Kb free=115290Kb
 bounds [0x00000260d7ef0000, 0x00000260d83a0000, 0x00000260df430000]
CodeHeap 'profiled nmethods': size=120000Kb used=18447Kb max_used=18447Kb free=101552Kb
 bounds [0x00000260d09c0000, 0x00000260d1bd0000, 0x00000260d7ef0000]
CodeHeap 'non-nmethods': size=5696Kb used=1838Kb max_used=1850Kb free=3857Kb
 bounds [0x00000260d0430000, 0x00000260d06a0000, 0x00000260d09c0000]
 total_blobs=9657 nmethods=8110 adapters=1458
 compilation: enabled
              stopped_count=0, restarted_count=0
 full_count=0

Compilation events (20 events):
Event: 57.722 Thread 0x00000260e6ddf800 8108       3       java.nio.ByteBufferAsShortBufferB::get (26 bytes)
Event: 57.723 Thread 0x00000260e6ddf800 nmethod 8108 0x00000260d1ba5210 code [0x00000260d1ba5400, 0x00000260d1ba58e8]
Event: 57.724 Thread 0x00000260e6ddf800 8109       3       java.nio.ByteBufferAsShortBufferB::byteOffset (9 bytes)
Event: 57.724 Thread 0x00000260e6ddf800 nmethod 8109 0x00000260d1ba5b10 code [0x00000260d1ba5cc0, 0x00000260d1ba5dd8]
Event: 57.728 Thread 0x00000260e6ddf800 8110       3       java.nio.ByteBuffer::clear (7 bytes)
Event: 57.729 Thread 0x00000260e6ddf800 nmethod 8110 0x00000260d1ba5e90 code [0x00000260d1ba6040, 0x00000260d1ba61b8]
Event: 57.736 Thread 0x00000260e6ddf800 8111       3       java.nio.ByteBufferAsCharBufferB::get (26 bytes)
Event: 57.737 Thread 0x00000260e6dda000 8113       4       jdk.internal.misc.Unsafe::getCharUnaligned (12 bytes)
Event: 57.738 Thread 0x00000260e6ddf800 nmethod 8111 0x00000260d1ba6290 code [0x00000260d1ba6480, 0x00000260d1ba6908]
Event: 57.738 Thread 0x00000260e6ddf800 8112       3       java.nio.ByteBufferAsCharBufferB::byteOffset (9 bytes)
Event: 57.738 Thread 0x00000260e6ddf800 nmethod 8112 0x00000260d1ba6b10 code [0x00000260d1ba6cc0, 0x00000260d1ba6dd8]
Event: 57.739 Thread 0x00000260e6dda000 nmethod 8113 0x00000260d8396090 code [0x00000260d8396220, 0x00000260d83962b8]
Event: 57.740 Thread 0x00000260e6ddf800 8114       3       java.nio.HeapByteBuffer::put (175 bytes)
Event: 57.742 Thread 0x00000260e6ddf800 nmethod 8114 0x00000260d1ba6e90 code [0x00000260d1ba7160, 0x00000260d1ba8138]
Event: 57.745 Thread 0x00000260e6ddf800 8115   !   3       sun.nio.ch.FileChannelImpl::read (266 bytes)
Event: 57.749 Thread 0x00000260e6ddf800 nmethod 8115 0x00000260d1ba8590 code [0x00000260d1ba88a0, 0x00000260d1ba9988]
Event: 57.749 Thread 0x00000260e6ddf800 8116       3       sun.nio.ch.FileDispatcherImpl::read (8 bytes)
Event: 57.750 Thread 0x00000260e6ddf800 nmethod 8116 0x00000260d1baa190 code [0x00000260d1baa340, 0x00000260d1baa468]
Event: 57.750 Thread 0x00000260e6ddf800 8118       3       java.nio.MappedByteBuffer::flip (5 bytes)
Event: 57.751 Thread 0x00000260e6ddf800 nmethod 8118 0x00000260d1baa510 code [0x00000260d1baa6e0, 0x00000260d1baa918]

GC Heap History (20 events):
Event: 29.946 GC heap before
{Heap before GC invocations=16 (full 0):
 garbage-first heap   total 131072K, used 111495K [0x0000000081c00000, 0x0000000100000000)
  region size 1024K, 52 young (53248K), 4 survivors (4096K)
 Metaspace       used 58273K, capacity 59866K, committed 60160K, reserved 1101824K
  class space    used 7666K, capacity 8329K, committed 8448K, reserved 1048576K
}
Event: 29.962 GC heap after
{Heap after GC invocations=17 (full 0):
 garbage-first heap   total 131072K, used 62979K [0x0000000081c00000, 0x0000000100000000)
  region size 1024K, 5 young (5120K), 5 survivors (5120K)
 Metaspace       used 58273K, capacity 59866K, committed 60160K, reserved 1101824K
  class space    used 7666K, capacity 8329K, committed 8448K, reserved 1048576K
}
Event: 31.462 GC heap before
{Heap before GC invocations=18 (full 0):
 garbage-first heap   total 131072K, used 111107K [0x0000000081c00000, 0x0000000100000000)
  region size 1024K, 52 young (53248K), 5 survivors (5120K)
 Metaspace       used 60505K, capacity 62065K, committed 62208K, reserved 1103872K
  class space    used 7997K, capacity 8635K, committed 8704K, reserved 1048576K
}
Event: 31.481 GC heap after
{Heap after GC invocations=19 (full 0):
 garbage-first heap   total 131072K, used 63783K [0x0000000081c00000, 0x0000000100000000)
  region size 1024K, 4 young (4096K), 4 survivors (4096K)
 Metaspace       used 60505K, capacity 62065K, committed 62208K, reserved 1103872K
  class space    used 7997K, capacity 8635K, committed 8704K, reserved 1048576K
}
Event: 33.619 GC heap before
{Heap before GC invocations=20 (full 0):
 garbage-first heap   total 131072K, used 112935K [0x0000000081c00000, 0x0000000100000000)
  region size 1024K, 52 young (53248K), 4 survivors (4096K)
 Metaspace       used 64146K, capacity 65992K, committed 66176K, reserved 1105920K
  class space    used 8488K, capacity 9240K, committed 9344K, reserved 1048576K
}
Event: 33.634 GC heap after
{Heap after GC invocations=21 (full 0):
 garbage-first heap   total 131072K, used 64907K [0x0000000081c00000, 0x0000000100000000)
  region size 1024K, 5 young (5120K), 5 survivors (5120K)
 Metaspace       used 64146K, capacity 65992K, committed 66176K, reserved 1105920K
  class space    used 8488K, capacity 9240K, committed 9344K, reserved 1048576K
}
Event: 36.617 GC heap before
{Heap before GC invocations=21 (full 0):
 garbage-first heap   total 131072K, used 110987K [0x0000000081c00000, 0x0000000100000000)
  region size 1024K, 51 young (52224K), 5 survivors (5120K)
 Metaspace       used 67172K, capacity 69096K, committed 69376K, reserved 1110016K
  class space    used 8859K, capacity 9677K, committed 9728K, reserved 1048576K
}
Event: 36.637 GC heap after
{Heap after GC invocations=22 (full 0):
 garbage-first heap   total 131072K, used 65979K [0x0000000081c00000, 0x0000000100000000)
  region size 1024K, 4 young (4096K), 4 survivors (4096K)
 Metaspace       used 67172K, capacity 69096K, committed 69376K, reserved 1110016K
  class space    used 8859K, capacity 9677K, committed 9728K, reserved 1048576K
}
Event: 37.488 GC heap before
{Heap before GC invocations=23 (full 0):
 garbage-first heap   total 131072K, used 113083K [0x0000000081c00000, 0x0000000100000000)
  region size 1024K, 50 young (51200K), 4 survivors (4096K)
 Metaspace       used 67228K, capacity 69164K, committed 69376K, reserved 1110016K
  class space    used 8863K, capacity 9678K, committed 9728K, reserved 1048576K
}
Event: 37.507 GC heap after
{Heap after GC invocations=24 (full 0):
 garbage-first heap   total 131072K, used 65709K [0x0000000081c00000, 0x0000000100000000)
  region size 1024K, 4 young (4096K), 4 survivors (4096K)
 Metaspace       used 67228K, capacity 69164K, committed 69376K, reserved 1110016K
  class space    used 8863K, capacity 9678K, committed 9728K, reserved 1048576K
}
Event: 41.373 GC heap before
{Heap before GC invocations=24 (full 0):
 garbage-first heap   total 131072K, used 112813K [0x0000000081c00000, 0x0000000100000000)
  region size 1024K, 50 young (51200K), 4 survivors (4096K)
 Metaspace       used 67500K, capacity 69441K, committed 69632K, reserved 1110016K
  class space    used 8886K, capacity 9705K, committed 9728K, reserved 1048576K
}
Event: 41.389 GC heap after
{Heap after GC invocations=25 (full 0):
 garbage-first heap   total 131072K, used 65839K [0x0000000081c00000, 0x0000000100000000)
  region size 1024K, 4 young (4096K), 4 survivors (4096K)
 Metaspace       used 67500K, capacity 69441K, committed 69632K, reserved 1110016K
  class space    used 8886K, capacity 9705K, committed 9728K, reserved 1048576K
}
Event: 46.309 GC heap before
{Heap before GC invocations=26 (full 0):
 garbage-first heap   total 131072K, used 112943K [0x0000000081c00000, 0x0000000100000000)
  region size 1024K, 50 young (51200K), 4 survivors (4096K)
 Metaspace       used 67640K, capacity 69574K, committed 69632K, reserved 1110016K
  class space    used 8889K, capacity 9706K, committed 9728K, reserved 1048576K
}
Event: 46.329 GC heap after
{Heap after GC invocations=27 (full 0):
 garbage-first heap   total 131072K, used 65669K [0x0000000081c00000, 0x0000000100000000)
  region size 1024K, 4 young (4096K), 4 survivors (4096K)
 Metaspace       used 67640K, capacity 69574K, committed 69632K, reserved 1110016K
  class space    used 8889K, capacity 9706K, committed 9728K, reserved 1048576K
}
Event: 51.229 GC heap before
{Heap before GC invocations=27 (full 0):
 garbage-first heap   total 131072K, used 112773K [0x0000000081c00000, 0x0000000100000000)
  region size 1024K, 50 young (51200K), 4 survivors (4096K)
 Metaspace       used 67721K, capacity 69640K, committed 69888K, reserved 1110016K
  class space    used 8890K, capacity 9706K, committed 9728K, reserved 1048576K
}
Event: 51.252 GC heap after
{Heap after GC invocations=28 (full 0):
 garbage-first heap   total 131072K, used 65841K [0x0000000081c00000, 0x0000000100000000)
  region size 1024K, 4 young (4096K), 4 survivors (4096K)
 Metaspace       used 67721K, capacity 69640K, committed 69888K, reserved 1110016K
  class space    used 8890K, capacity 9706K, committed 9728K, reserved 1048576K
}
Event: 54.516 GC heap before
{Heap before GC invocations=29 (full 0):
 garbage-first heap   total 131072K, used 111921K [0x0000000081c00000, 0x0000000100000000)
  region size 1024K, 50 young (51200K), 4 survivors (4096K)
 Metaspace       used 68951K, capacity 70873K, committed 71040K, reserved 1110016K
  class space    used 9028K, capacity 9837K, committed 9856K, reserved 1048576K
}
Event: 54.533 GC heap after
{Heap after GC invocations=30 (full 0):
 garbage-first heap   total 131072K, used 66188K [0x0000000081c00000, 0x0000000100000000)
  region size 1024K, 4 young (4096K), 4 survivors (4096K)
 Metaspace       used 68951K, capacity 70873K, committed 71040K, reserved 1110016K
  class space    used 9028K, capacity 9837K, committed 9856K, reserved 1048576K
}
Event: 57.138 GC heap before
{Heap before GC invocations=30 (full 0):
 garbage-first heap   total 131072K, used 113292K [0x0000000081c00000, 0x0000000100000000)
  region size 1024K, 50 young (51200K), 4 survivors (4096K)
 Metaspace       used 73986K, capacity 76133K, committed 76288K, reserved 1116160K
  class space    used 9571K, capacity 10458K, committed 10496K, reserved 1048576K
}
Event: 57.158 GC heap after
{Heap after GC invocations=31 (full 0):
 garbage-first heap   total 131072K, used 67742K [0x0000000081c00000, 0x0000000100000000)
  region size 1024K, 5 young (5120K), 5 survivors (5120K)
 Metaspace       used 73986K, capacity 76133K, committed 76288K, reserved 1116160K
  class space    used 9571K, capacity 10458K, committed 10496K, reserved 1048576K
}

Deoptimization events (20 events):
Event: 56.543 Thread 0x00000260eca11000 Uncommon trap: trap_request=0xffffff4d fr.pc=0x00000260d7f1bd6c relative=0x0000000000000c4c
Event: 56.543 Thread 0x00000260eca11000 Uncommon trap: reason=unstable_if action=reinterpret pc=0x00000260d7f1bd6c method=java.lang.invoke.LambdaForm$Name.replaceNames([Ljava/lang/invoke/LambdaForm$Name;[Ljava/lang/invoke/LambdaForm$Name;II)Ljava/lang/invoke/LambdaForm$Name; @ 3 c2
Event: 56.543 Thread 0x00000260eca11000 DEOPT PACKING pc=0x00000260d7f1bd6c sp=0x000000bebe7faa20
Event: 56.543 Thread 0x00000260eca11000 DEOPT UNPACKING pc=0x00000260d04563aa sp=0x000000bebe7fa9c0 mode 2
Event: 56.544 Thread 0x00000260eca11000 Uncommon trap: trap_request=0xffffff4d fr.pc=0x00000260d8265fc0 relative=0x0000000000001160
Event: 56.545 Thread 0x00000260eca11000 Uncommon trap: reason=unstable_if action=reinterpret pc=0x00000260d8265fc0 method=jdk.internal.org.objectweb.asm.Frame.type(Ljdk/internal/org/objectweb/asm/ClassWriter;Ljava/lang/String;)I @ 28 c2
Event: 56.545 Thread 0x00000260eca11000 DEOPT PACKING pc=0x00000260d8265fc0 sp=0x000000bebe7fa2b0
Event: 56.545 Thread 0x00000260eca11000 DEOPT UNPACKING pc=0x00000260d04563aa sp=0x000000bebe7fa270 mode 2
Event: 56.911 Thread 0x00000260eca0d000 Uncommon trap: trap_request=0xffffff4d fr.pc=0x00000260d81b2354 relative=0x00000000000000b4
Event: 56.911 Thread 0x00000260eca0d000 Uncommon trap: reason=unstable_if action=reinterpret pc=0x00000260d81b2354 method=java.util.concurrent.locks.ReentrantLock$Sync.tryRelease(I)Z @ 28 c2
Event: 56.911 Thread 0x00000260eca0d000 DEOPT PACKING pc=0x00000260d81b2354 sp=0x000000bebd6fce20
Event: 56.911 Thread 0x00000260eca0d000 DEOPT UNPACKING pc=0x00000260d04563aa sp=0x000000bebd6fcdd0 mode 2
Event: 57.564 Thread 0x00000260eca12000 Uncommon trap: trap_request=0xffffff4d fr.pc=0x00000260d82dfa98 relative=0x00000000000001b8
Event: 57.564 Thread 0x00000260eca12000 Uncommon trap: reason=unstable_if action=reinterpret pc=0x00000260d82dfa98 method=java.util.WeakHashMap.get(Ljava/lang/Object;)Ljava/lang/Object; @ 56 c2
Event: 57.564 Thread 0x00000260eca12000 DEOPT PACKING pc=0x00000260d82dfa98 sp=0x000000bebeafc920
Event: 57.564 Thread 0x00000260eca12000 DEOPT UNPACKING pc=0x00000260d04563aa sp=0x000000bebeafc8b8 mode 2
Event: 57.564 Thread 0x00000260eca12000 Uncommon trap: trap_request=0xffffff4d fr.pc=0x00000260d8121244 relative=0x00000000000009e4
Event: 57.564 Thread 0x00000260eca12000 Uncommon trap: reason=unstable_if action=reinterpret pc=0x00000260d8121244 method=java.util.WeakHashMap.eq(Ljava/lang/Object;Ljava/lang/Object;)Z @ 2 c2
Event: 57.564 Thread 0x00000260eca12000 DEOPT PACKING pc=0x00000260d8121244 sp=0x000000bebeafc8d0
Event: 57.564 Thread 0x00000260eca12000 DEOPT UNPACKING pc=0x00000260d04563aa sp=0x000000bebeafc828 mode 2

Classes redefined (0 events):
No events

Internal exceptions (20 events):
Event: 56.738 Thread 0x00000260eca11000 Exception <a 'java/security/PrivilegedActionException'{0x000000008732cae8}> (0x000000008732cae8) thrown at [./src/hotspot/share/prims/jvm.cpp, line 1306]
Event: 56.738 Thread 0x00000260eca11000 Exception <a 'java/security/PrivilegedActionException'{0x000000008732d060}> (0x000000008732d060) thrown at [./src/hotspot/share/prims/jvm.cpp, line 1306]
Event: 56.779 Thread 0x00000260eca11000 Exception <a 'java/security/PrivilegedActionException'{0x00000000872571f0}> (0x00000000872571f0) thrown at [./src/hotspot/share/prims/jvm.cpp, line 1306]
Event: 56.779 Thread 0x00000260eca11000 Exception <a 'java/security/PrivilegedActionException'{0x00000000872574c0}> (0x00000000872574c0) thrown at [./src/hotspot/share/prims/jvm.cpp, line 1306]
Event: 56.796 Thread 0x00000260eca11000 Exception <a 'sun/nio/fs/WindowsException'{0x000000008726d1f0}> (0x000000008726d1f0) thrown at [./src/hotspot/share/prims/jni.cpp, line 615]
Event: 56.797 Thread 0x00000260eca11000 Exception <a 'sun/nio/fs/WindowsException'{0x000000008726d578}> (0x000000008726d578) thrown at [./src/hotspot/share/prims/jni.cpp, line 615]
Event: 56.842 Thread 0x00000260eca0d000 Exception <a 'java/security/PrivilegedActionException'{0x0000000087213968}> (0x0000000087213968) thrown at [./src/hotspot/share/prims/jvm.cpp, line 1306]
Event: 56.842 Thread 0x00000260eca0d000 Exception <a 'java/security/PrivilegedActionException'{0x0000000087213c38}> (0x0000000087213c38) thrown at [./src/hotspot/share/prims/jvm.cpp, line 1306]
Event: 56.844 Thread 0x00000260eca0d000 Exception <a 'java/security/PrivilegedActionException'{0x0000000087104918}> (0x0000000087104918) thrown at [./src/hotspot/share/prims/jvm.cpp, line 1306]
Event: 56.844 Thread 0x00000260eca0d000 Exception <a 'java/security/PrivilegedActionException'{0x0000000087104be8}> (0x0000000087104be8) thrown at [./src/hotspot/share/prims/jvm.cpp, line 1306]
Event: 56.857 Thread 0x00000260eca0d000 Exception <a 'java/lang/NoClassDefFoundError'{0x0000000087159f38}: sun/reflect/Reflection> (0x0000000087159f38) thrown at [./src/hotspot/share/classfile/systemDictionary.cpp, line 220]
Event: 56.893 Thread 0x00000260eca11000 Exception <a 'java/security/PrivilegedActionException'{0x00000000871f1d50}> (0x00000000871f1d50) thrown at [./src/hotspot/share/prims/jvm.cpp, line 1306]
Event: 56.893 Thread 0x00000260eca11000 Exception <a 'java/security/PrivilegedActionException'{0x00000000871f2020}> (0x00000000871f2020) thrown at [./src/hotspot/share/prims/jvm.cpp, line 1306]
Event: 56.895 Thread 0x00000260eca11000 Exception <a 'java/security/PrivilegedActionException'{0x00000000871ff880}> (0x00000000871ff880) thrown at [./src/hotspot/share/prims/jvm.cpp, line 1306]
Event: 56.895 Thread 0x00000260eca11000 Exception <a 'java/security/PrivilegedActionException'{0x00000000871ffb50}> (0x00000000871ffb50) thrown at [./src/hotspot/share/prims/jvm.cpp, line 1306]
Event: 57.257 Thread 0x00000260eca12000 Exception <a 'java/lang/NoSuchMethodError'{0x0000000089bd8cb0}: 'java.lang.Object java.lang.invoke.DirectMethodHandle$Holder.invokeStatic(java.lang.Object, int, java.lang.Object, java.lang.Object, java.lang.Object, java.lang.Object)'> (0x0000000089bd8cb0) thrown at [./src/hotspot/share/interpreter/linkResolver.cpp, line 773]
Event: 57.259 Thread 0x00000260eca12000 Exception <a 'java/lang/NoSuchMethodError'{0x0000000089bdfe70}: 'java.lang.Object java.lang.invoke.DirectMethodHandle$Holder.invokeStatic(java.lang.Object, int, java.lang.Object, java.lang.Object, java.lang.Object)'> (0x0000000089bdfe70) thrown at [./src/hotspot/share/interpreter/linkResolver.cpp, line 773]
Event: 57.260 Thread 0x00000260eca12000 Exception <a 'java/lang/NoSuchMethodError'{0x0000000089be38b8}: 'java.lang.Object java.lang.invoke.DirectMethodHandle$Holder.invokeSpecial(java.lang.Object, java.lang.Object, int, java.lang.Object, java.lang.Object, java.lang.Object)'> (0x0000000089be38b8) thrown at [./src/hotspot/share/interpreter/linkResolver.cpp, line 773]
Event: 57.402 Thread 0x00000260eca12000 Exception <a 'java/lang/ClassNotFoundException'{0x0000000089abb8c8}: com/sun/swing/internal/plaf/metal/resources/spi/metalProvider> (0x0000000089abb8c8) thrown at [./src/hotspot/share/classfile/systemDictionary.cpp, line 231]
Event: 57.406 Thread 0x00000260eca12000 Exception <a 'java/lang/ClassNotFoundException'{0x0000000089abfd58}: com/sun/swing/internal/plaf/basic/resources/spi/basicProvider> (0x0000000089abfd58) thrown at [./src/hotspot/share/classfile/systemDictionary.cpp, line 231]

Events (20 events):
Event: 57.768 Thread 0x00000260eca0b800 Thread added: 0x00000260eca0b800
Event: 57.768 Thread 0x00000260eca0b800 Thread exited: 0x00000260eca0b800
Event: 57.798 Thread 0x00000260eca0c800 Thread added: 0x00000260eca0c800
Event: 57.834 Thread 0x00000260eca0c800 Thread exited: 0x00000260eca0c800
Event: 57.838 Thread 0x00000260eca0c800 Thread added: 0x00000260eca0c800
Event: 57.839 Thread 0x00000260eca0c800 Thread exited: 0x00000260eca0c800
Event: 57.840 Thread 0x00000260eca0c800 Thread added: 0x00000260eca0c800
Event: 57.850 Thread 0x00000260eca0c800 Thread exited: 0x00000260eca0c800
Event: 57.850 Thread 0x00000260eca0c800 Thread added: 0x00000260eca0c800
Event: 57.858 Thread 0x00000260eca0c800 Thread exited: 0x00000260eca0c800
Event: 57.859 Thread 0x00000260eca0c800 Thread added: 0x00000260eca0c800
Event: 57.859 Thread 0x00000260eca0c800 Thread exited: 0x00000260eca0c800
Event: 57.859 Thread 0x00000260eca0c800 Thread added: 0x00000260eca0c800
Event: 57.859 Thread 0x00000260eca0c800 Thread exited: 0x00000260eca0c800
Event: 57.860 Thread 0x00000260eca0c800 Thread added: 0x00000260eca0c800
Event: 57.860 Thread 0x00000260eca0c800 Thread exited: 0x00000260eca0c800
Event: 57.860 Thread 0x00000260eca0c800 Thread added: 0x00000260eca0c800
Event: 57.860 Thread 0x00000260eca0c800 Thread exited: 0x00000260eca0c800
Event: 57.878 Thread 0x00000260eca0c800 Thread added: 0x00000260eca0c800
Event: 57.879 Thread 0x00000260eca0c800 Thread exited: 0x00000260eca0c800


Dynamic libraries:
0x00007ff6a4800000 - 0x00007ff6a4820000 	C:\Program Files\ojdkbuild\java-11-openjdk-11.0.11-1\bin\java.exe
0x00007ffa903b0000 - 0x00007ffa905a6000 	C:\Windows\SYSTEM32\ntdll.dll
0x00007ffa8e530000 - 0x00007ffa8e5ed000 	C:\Windows\System32\KERNEL32.DLL
0x00007ffa8dc40000 - 0x00007ffa8df08000 	C:\Windows\System32\KERNELBASE.dll
0x00007ffa8e320000 - 0x00007ffa8e420000 	C:\Windows\System32\ucrtbase.dll
0x00007ffa87630000 - 0x00007ffa87647000 	C:\Program Files\ojdkbuild\java-11-openjdk-11.0.11-1\bin\jli.dll
0x00007ffa8ff10000 - 0x00007ffa900b0000 	C:\Windows\System32\USER32.dll
0x00007ffa8dc10000 - 0x00007ffa8dc32000 	C:\Windows\System32\win32u.dll
0x00007ffa8edb0000 - 0x00007ffa8edda000 	C:\Windows\System32\GDI32.dll
0x00007ffa8dfc0000 - 0x00007ffa8e0c9000 	C:\Windows\System32\gdi32full.dll
0x00007ffa8e0d0000 - 0x00007ffa8e16d000 	C:\Windows\System32\msvcp_win.dll
0x00007ffa7d730000 - 0x00007ffa7d745000 	C:\Program Files\ojdkbuild\java-11-openjdk-11.0.11-1\bin\VCRUNTIME140.dll
0x00007ffa74a80000 - 0x00007ffa74d1b000 	C:\Windows\WinSxS\amd64_microsoft.windows.common-controls_6595b64144ccf1df_6.0.19041.488_none_ca04af081b815d21\COMCTL32.dll
0x00007ffa902d0000 - 0x00007ffa9036e000 	C:\Windows\System32\msvcrt.dll
0x00007ffa8ede0000 - 0x00007ffa8ee10000 	C:\Windows\System32\IMM32.DLL
0x00007ffa5f880000 - 0x00007ffa5f91b000 	C:\Program Files\ojdkbuild\java-11-openjdk-11.0.11-1\bin\msvcp140.dll
0x00007ffa57d30000 - 0x00007ffa5887b000 	C:\Program Files\ojdkbuild\java-11-openjdk-11.0.11-1\bin\server\jvm.dll
0x00007ffa8fd80000 - 0x00007ffa8fe2a000 	C:\Windows\System32\ADVAPI32.dll
0x00007ffa90230000 - 0x00007ffa902cb000 	C:\Windows\System32\sechost.dll
0x00007ffa8faa0000 - 0x00007ffa8fbc4000 	C:\Windows\System32\RPCRT4.dll
0x00007ffa8fa90000 - 0x00007ffa8fa98000 	C:\Windows\System32\PSAPI.DLL
0x00007ffa776d0000 - 0x00007ffa776d9000 	C:\Windows\SYSTEM32\WSOCK32.dll
0x00007ffa8f970000 - 0x00007ffa8f9db000 	C:\Windows\System32\WS2_32.dll
0x00007ffa6b340000 - 0x00007ffa6b367000 	C:\Windows\SYSTEM32\WINMM.dll
0x00007ffa82d10000 - 0x00007ffa82d1a000 	C:\Windows\SYSTEM32\VERSION.dll
0x00007ffa8ba10000 - 0x00007ffa8ba22000 	C:\Windows\SYSTEM32\kernel.appcore.dll
0x00007ffa85fd0000 - 0x00007ffa85fe0000 	C:\Program Files\ojdkbuild\java-11-openjdk-11.0.11-1\bin\verify.dll
0x00007ffa772a0000 - 0x00007ffa77484000 	C:\Windows\SYSTEM32\DBGHELP.DLL
0x00007ffa77270000 - 0x00007ffa7729c000 	C:\Windows\SYSTEM32\dbgcore.DLL
0x00007ffa8df40000 - 0x00007ffa8dfbf000 	C:\Windows\System32\bcryptPrimitives.dll
0x00007ffa76d30000 - 0x00007ffa76d58000 	C:\Program Files\ojdkbuild\java-11-openjdk-11.0.11-1\bin\java.dll
0x00007ffa85100000 - 0x00007ffa8510a000 	C:\Program Files\ojdkbuild\java-11-openjdk-11.0.11-1\bin\jimage.dll
0x00007ffa76ba0000 - 0x00007ffa76bb7000 	C:\Program Files\ojdkbuild\java-11-openjdk-11.0.11-1\bin\zip.dll
0x00007ffa8f230000 - 0x00007ffa8f970000 	C:\Windows\System32\SHELL32.dll
0x00007ffa8bc10000 - 0x00007ffa8c3a4000 	C:\Windows\SYSTEM32\windows.storage.dll
0x00007ffa8ee20000 - 0x00007ffa8f175000 	C:\Windows\System32\combase.dll
0x00007ffa8d3d0000 - 0x00007ffa8d3fc000 	C:\Windows\SYSTEM32\Wldp.dll
0x00007ffa8f9e0000 - 0x00007ffa8fa8e000 	C:\Windows\System32\SHCORE.dll
0x00007ffa8e420000 - 0x00007ffa8e475000 	C:\Windows\System32\shlwapi.dll
0x00007ffa8da30000 - 0x00007ffa8da56000 	C:\Windows\SYSTEM32\profapi.dll
0x00007ffa6f530000 - 0x00007ffa6f549000 	C:\Program Files\ojdkbuild\java-11-openjdk-11.0.11-1\bin\net.dll
0x00007ffa83530000 - 0x00007ffa83630000 	C:\Windows\SYSTEM32\WINHTTP.dll
0x00007ffa8d1c0000 - 0x00007ffa8d22a000 	C:\Windows\system32\mswsock.dll
0x00007ffa68930000 - 0x00007ffa68942000 	C:\Program Files\ojdkbuild\java-11-openjdk-11.0.11-1\bin\nio.dll
0x00000260c5d00000 - 0x00000260c5d03000 	C:\Users\DonJuan\.openjfx\cache\13\api-ms-win-core-console-l1-1-0.dll
0x00000260c5d10000 - 0x00000260c5d13000 	C:\Users\DonJuan\.openjfx\cache\13\api-ms-win-core-datetime-l1-1-0.dll
0x00000260c5d20000 - 0x00000260c5d23000 	C:\Users\DonJuan\.openjfx\cache\13\api-ms-win-core-debug-l1-1-0.dll
0x00000260c5d30000 - 0x00000260c5d33000 	C:\Users\DonJuan\.openjfx\cache\13\api-ms-win-core-errorhandling-l1-1-0.dll
0x00000260c5d40000 - 0x00000260c5d44000 	C:\Users\DonJuan\.openjfx\cache\13\api-ms-win-core-file-l1-1-0.dll
0x00000260c5d50000 - 0x00000260c5d53000 	C:\Users\DonJuan\.openjfx\cache\13\api-ms-win-core-file-l1-2-0.dll
0x00000260c7c40000 - 0x00000260c7c43000 	C:\Users\DonJuan\.openjfx\cache\13\api-ms-win-core-file-l2-1-0.dll
0x00000260c7c50000 - 0x00000260c7c53000 	C:\Users\DonJuan\.openjfx\cache\13\api-ms-win-core-handle-l1-1-0.dll
0x00000260c7c60000 - 0x00000260c7c63000 	C:\Users\DonJuan\.openjfx\cache\13\api-ms-win-core-heap-l1-1-0.dll
0x00000260c7c70000 - 0x00000260c7c73000 	C:\Users\DonJuan\.openjfx\cache\13\api-ms-win-core-interlocked-l1-1-0.dll
0x00000260c7c80000 - 0x00000260c7c83000 	C:\Users\DonJuan\.openjfx\cache\13\api-ms-win-core-libraryloader-l1-1-0.dll
0x00000260c7c90000 - 0x00000260c7c93000 	C:\Users\DonJuan\.openjfx\cache\13\api-ms-win-core-localization-l1-2-0.dll
0x00000260c7ca0000 - 0x00000260c7ca3000 	C:\Users\DonJuan\.openjfx\cache\13\api-ms-win-core-memory-l1-1-0.dll
0x00000260c7cb0000 - 0x00000260c7cb3000 	C:\Users\DonJuan\.openjfx\cache\13\api-ms-win-core-namedpipe-l1-1-0.dll
0x00000260c7cc0000 - 0x00000260c7cc3000 	C:\Users\DonJuan\.openjfx\cache\13\api-ms-win-core-processenvironment-l1-1-0.dll
0x00000260c7cd0000 - 0x00000260c7cd3000 	C:\Users\DonJuan\.openjfx\cache\13\api-ms-win-core-processthreads-l1-1-0.dll
0x00000260c7ce0000 - 0x00000260c7ce3000 	C:\Users\DonJuan\.openjfx\cache\13\api-ms-win-core-processthreads-l1-1-1.dll
0x00000260c7cf0000 - 0x00000260c7cf3000 	C:\Users\DonJuan\.openjfx\cache\13\api-ms-win-core-profile-l1-1-0.dll
0x00000260c7d00000 - 0x00000260c7d03000 	C:\Users\DonJuan\.openjfx\cache\13\api-ms-win-core-rtlsupport-l1-1-0.dll
0x00000260e7990000 - 0x00000260e7993000 	C:\Users\DonJuan\.openjfx\cache\13\api-ms-win-core-string-l1-1-0.dll
0x00000260e79a0000 - 0x00000260e79a3000 	C:\Users\DonJuan\.openjfx\cache\13\api-ms-win-core-synch-l1-1-0.dll
0x00000260e79b0000 - 0x00000260e79b3000 	C:\Users\DonJuan\.openjfx\cache\13\api-ms-win-core-synch-l1-2-0.dll
0x00000260e79c0000 - 0x00000260e79c3000 	C:\Users\DonJuan\.openjfx\cache\13\api-ms-win-core-sysinfo-l1-1-0.dll
0x00000260e79d0000 - 0x00000260e79d3000 	C:\Users\DonJuan\.openjfx\cache\13\api-ms-win-core-timezone-l1-1-0.dll
0x00000260e79e0000 - 0x00000260e79e3000 	C:\Users\DonJuan\.openjfx\cache\13\api-ms-win-core-util-l1-1-0.dll
0x00000260e79f0000 - 0x00000260e79f3000 	C:\Users\DonJuan\.openjfx\cache\13\api-ms-win-crt-conio-l1-1-0.dll
0x00000260e7a00000 - 0x00000260e7a04000 	C:\Users\DonJuan\.openjfx\cache\13\api-ms-win-crt-convert-l1-1-0.dll
0x00000260e7a10000 - 0x00000260e7a13000 	C:\Users\DonJuan\.openjfx\cache\13\api-ms-win-crt-environment-l1-1-0.dll
0x00000260e7a20000 - 0x00000260e7a23000 	C:\Users\DonJuan\.openjfx\cache\13\api-ms-win-crt-filesystem-l1-1-0.dll
0x00000260e7a30000 - 0x00000260e7a33000 	C:\Users\DonJuan\.openjfx\cache\13\api-ms-win-crt-heap-l1-1-0.dll
0x00000260e7a40000 - 0x00000260e7a43000 	C:\Users\DonJuan\.openjfx\cache\13\api-ms-win-crt-locale-l1-1-0.dll
0x00000260e7a50000 - 0x00000260e7a55000 	C:\Users\DonJuan\.openjfx\cache\13\api-ms-win-crt-math-l1-1-0.dll
0x00000260e7a60000 - 0x00000260e7a65000 	C:\Users\DonJuan\.openjfx\cache\13\api-ms-win-crt-multibyte-l1-1-0.dll
0x00000260e7a70000 - 0x00000260e7a80000 	C:\Users\DonJuan\.openjfx\cache\13\api-ms-win-crt-private-l1-1-0.dll
0x00000260e7a80000 - 0x00000260e7a83000 	C:\Users\DonJuan\.openjfx\cache\13\api-ms-win-crt-process-l1-1-0.dll
0x00000260e7a90000 - 0x00000260e7a94000 	C:\Users\DonJuan\.openjfx\cache\13\api-ms-win-crt-runtime-l1-1-0.dll
0x00000260e7aa0000 - 0x00000260e7aa4000 	C:\Users\DonJuan\.openjfx\cache\13\api-ms-win-crt-stdio-l1-1-0.dll
0x00000260e7ab0000 - 0x00000260e7ab4000 	C:\Users\DonJuan\.openjfx\cache\13\api-ms-win-crt-string-l1-1-0.dll
0x00000260e7ac0000 - 0x00000260e7ac3000 	C:\Users\DonJuan\.openjfx\cache\13\api-ms-win-crt-time-l1-1-0.dll
0x00000260e7ad0000 - 0x00000260e7ad3000 	C:\Users\DonJuan\.openjfx\cache\13\api-ms-win-crt-utility-l1-1-0.dll
0x00007ffa5d950000 - 0x00007ffa5da4c000 	C:\Users\DonJuan\.openjfx\cache\13\ucrtbase.dll
0x00007ffa84c90000 - 0x00007ffa84ca5000 	C:\Users\DonJuan\.openjfx\cache\13\vcruntime140.dll
0x00007ffa5c590000 - 0x00007ffa5c62b000 	C:\Users\DonJuan\.openjfx\cache\13\msvcp140.dll
0x00007ffa645f0000 - 0x00007ffa64641000 	C:\Users\DonJuan\.openjfx\cache\13\concrt140.dll
0x00007ffa6e000000 - 0x00007ffa6e023000 	C:\Users\DonJuan\.openjfx\cache\13\prism_d3d.dll
0x00007ffa86050000 - 0x00007ffa8621e000 	C:\Windows\system32\d3d9.dll
0x00007ffa8b720000 - 0x00007ffa8b74f000 	C:\Windows\SYSTEM32\dwmapi.dll
0x00007ffa8b530000 - 0x00007ffa8b5cf000 	C:\Windows\system32\uxtheme.dll
0x00007ffa56490000 - 0x00007ffa56efd000 	C:\Windows\SYSTEM32\igdumdim64.dll
0x00007ffa847a0000 - 0x00007ffa84c05000 	C:\Windows\SYSTEM32\igdusc64.dll
0x00007ffa5fd80000 - 0x00007ffa5fdc5000 	C:\Users\DonJuan\.openjfx\cache\13\glass.dll
0x00007ffa8fe30000 - 0x00007ffa8ff0a000 	C:\Windows\System32\COMDLG32.dll
0x00007ffa8eba0000 - 0x00007ffa8ecca000 	C:\Windows\System32\ole32.dll
0x00007ffa8e5f0000 - 0x00007ffa8e6bd000 	C:\Windows\System32\OLEAUT32.dll
0x00007ffa900b0000 - 0x00007ffa901c5000 	C:\Windows\System32\MSCTF.dll
0x00007ffa66030000 - 0x00007ffa66044000 	C:\Users\DonJuan\.openjfx\cache\13\javafx_font.dll
0x00007ffa78b30000 - 0x00007ffa78daf000 	C:\Windows\SYSTEM32\dwrite.dll
0x00007ffa8f180000 - 0x00007ffa8f229000 	C:\Windows\System32\clbcatq.dll
0x00007ffa88710000 - 0x00007ffa888c4000 	C:\Windows\SYSTEM32\WindowsCodecs.dll
0x00007ffa8df10000 - 0x00007ffa8df37000 	C:\Windows\System32\bcrypt.dll
0x00007ffa6a0d0000 - 0x00007ffa6a10e000 	C:\Windows\system32\dataexchange.dll
0x00007ffa89f70000 - 0x00007ffa8a1d4000 	C:\Windows\system32\d3d11.dll
0x00007ffa8a7a0000 - 0x00007ffa8a985000 	C:\Windows\system32\dcomp.dll
0x00007ffa8c410000 - 0x00007ffa8c503000 	C:\Windows\system32\dxgi.dll
0x00007ffa88960000 - 0x00007ffa88b68000 	C:\Windows\system32\twinapi.appcore.dll
0x00007ffa6e8b0000 - 0x00007ffa6e8e4000 	C:\Program Files\Common Files\Microsoft Shared\Ink\rtscom.dll
0x00007ffa7c050000 - 0x00007ffa7c14c000 	C:\Windows\SYSTEM32\textinputframework.dll
0x00007ffa8aa70000 - 0x00007ffa8adce000 	C:\Windows\System32\CoreUIComponents.dll
0x00007ffa8b150000 - 0x00007ffa8b242000 	C:\Windows\System32\CoreMessaging.dll
0x00007ffa899b0000 - 0x00007ffa89b06000 	C:\Windows\SYSTEM32\wintypes.dll
0x00007ffa8c800000 - 0x00007ffa8c833000 	C:\Windows\SYSTEM32\ntmarta.dll
0x00007ffa850e0000 - 0x00007ffa850e9000 	C:\Program Files\ojdkbuild\java-11-openjdk-11.0.11-1\bin\management.dll
0x00007ffa7dfa0000 - 0x00007ffa7dfac000 	C:\Program Files\ojdkbuild\java-11-openjdk-11.0.11-1\bin\management_ext.dll
0x00007ffa6e690000 - 0x00007ffa6e6a7000 	C:\Windows\system32\napinsp.dll
0x00007ffa6e670000 - 0x00007ffa6e68b000 	C:\Windows\system32\pnrpnsp.dll
0x00007ffa6e5e0000 - 0x00007ffa6e5f5000 	C:\Windows\system32\wshbth.dll
0x00007ffa89530000 - 0x00007ffa8954d000 	C:\Windows\system32\NLAapi.dll
0x00007ffa8ced0000 - 0x00007ffa8cf0b000 	C:\Windows\SYSTEM32\IPHLPAPI.DLL
0x00007ffa8cf10000 - 0x00007ffa8cfdb000 	C:\Windows\SYSTEM32\DNSAPI.dll
0x00007ffa8ee10000 - 0x00007ffa8ee19000 	C:\Windows\System32\NSI.dll
0x00007ffa6e650000 - 0x00007ffa6e662000 	C:\Windows\System32\winrnr.dll
0x00007ffa780a0000 - 0x00007ffa780aa000 	C:\Windows\System32\rasadhlp.dll
0x00007ffa831f0000 - 0x00007ffa8326f000 	C:\Windows\System32\fwpuclnt.dll
0x00007ffa650d0000 - 0x00007ffa650e6000 	C:\Program Files\ojdkbuild\java-11-openjdk-11.0.11-1\bin\sunec.dll

dbghelp: loaded successfully - version: 4.0.5 - missing functions: none
symbol engine: initialized successfully - sym options: 0x614 - pdb path: .;C:\Program Files\ojdkbuild\java-11-openjdk-11.0.11-1\bin;C:\Windows\SYSTEM32;C:\Windows\WinSxS\amd64_microsoft.windows.common-controls_6595b64144ccf1df_6.0.19041.488_none_ca04af081b815d21;C:\Program Files\ojdkbuild\java-11-openjdk-11.0.11-1\bin\server;C:\Users\DonJuan\.openjfx\cache\13;C:\Program Files\Common Files\Microsoft Shared\Ink;C:\Users\DonJuan\AppData\Local\Temp\lwjglDonJuan\3.2.3-build-13

VM Arguments:
jvm_args: -Dfile.encoding=windows-1251 -Duser.country=RU -Duser.language=ru -Duser.variant 
java_command: ru.mirea.MireaApplication
java_class_path (initial): F:\Rep\Kursach-Java\Code\mirea\build\classes\java\main;F:\Rep\Kursach-Java\Code\mirea\build\resources\main;F:\Rep\Kursach-Java\Code\mirea\lib\Rlib&jME-javaFX-1.0.jar;C:\Users\DonJuan\.gradle\caches\modules-2\files-2.1\org.jmonkeyengine\jme3-lwjgl3\3.4.0-stable\4f3711a00508459e97cc3191e6f06d78e2cf58c2\jme3-lwjgl3-3.4.0-stable.jar;C:\Users\DonJuan\.gradle\caches\modules-2\files-2.1\org.jmonkeyengine\jme3-desktop\3.4.0-stable\1303420b60ebdecaad7e3dc7c50b9a6edb6d15d3\jme3-desktop-3.4.0-stable.jar;C:\Users\DonJuan\.gradle\caches\modules-2\files-2.1\org.jmonkeyengine\jme3-plugins\3.4.0-stable\cacca33f65c2f68b638c5000eafedaca871a8764\jme3-plugins-3.4.0-stable.jar;C:\Users\DonJuan\.gradle\caches\modules-2\files-2.1\org.jmonkeyengine\jme3-core\3.4.0-stable\b9ba72eb70d09a73c726e17e172652981ae7f9ed\jme3-core-3.4.0-stable.jar;C:\Users\DonJuan\.gradle\caches\modules-2\files-2.1\org.jetbrains\annotations\18.0.0\7e53956bd57f23498f021e5ddbd11111f7a3af54\annotations-18.0.0.jar;C:\Users\DonJuan\.gradle\caches\modules-2\files-2.1\org.springframework.boot\spring-boot-starter-data-jpa\2.4.5\cba91e070e601c55eec0d8a1948dcca15703ad37\spring-boot-starter-data-jpa-2.4.5.jar;C:\Users\DonJuan\.gradle\caches\modules-2\files-2.1\org.springframework.boot\spring-boot-starter-aop\2.4.5\853bfc5d1c867f66880971515bda82ecc737e839\spring-boot-starter-aop-2.4.5.jar;C:\Users\DonJuan\.gradle\caches\modules-2\files-2.1\org.springframework.boot\spring-boot-starter-jdbc\2.4.5\abcca18ef5a2c877a5574a492b570bb260640de3\spring-boot-starter-jdbc-2.4.5.jar;C:\Users\DonJuan\.gradle\caches\modules-2\files-2.1\org.springframework.boot\spring-boot-starter\2.4.5\5f5398f459beb958fc2ece1a433420bf03cec628\spring-boot-starter-2.4.5.jar;C:\Users\DonJuan\.gradle\caches\modules-2\files-2.1\org.postgresql\postgresql\42.2.19\85cb20fe8151b6d90900d5ae5cfe0ad7c3e8f921\postgresql-42.2.19.jar;C:\Users\DonJuan\.gradle\caches\modules-2\files-2.1\org.openjfx\javafx-fxml\13\ee55786ffd820bb7c8dd43d127a54b11416
Launcher Type: SUN_STANDARD

[Global flags]
     intx CICompilerCount                          = 3                                         {product} {ergonomic}
     uint ConcGCThreads                            = 1                                         {product} {ergonomic}
     uint G1ConcRefinementThreads                  = 4                                         {product} {ergonomic}
   size_t G1HeapRegionSize                         = 1048576                                   {product} {ergonomic}
    uintx GCDrainStackTargetSize                   = 64                                        {product} {ergonomic}
   size_t InitialHeapSize                          = 134217728                                 {product} {ergonomic}
   size_t MarkStackSize                            = 4194304                                   {product} {ergonomic}
   size_t MaxHeapSize                              = 2118123520                                {product} {ergonomic}
   size_t MaxNewSize                               = 1270874112                                {product} {ergonomic}
   size_t MinHeapDeltaBytes                        = 1048576                                   {product} {ergonomic}
    uintx NonNMethodCodeHeapSize                   = 5830732                                {pd product} {ergonomic}
    uintx NonProfiledCodeHeapSize                  = 122913754                              {pd product} {ergonomic}
    uintx ProfiledCodeHeapSize                     = 122913754                              {pd product} {ergonomic}
    uintx ReservedCodeCacheSize                    = 251658240                              {pd product} {ergonomic}
     bool SegmentedCodeCache                       = true                                      {product} {ergonomic}
     bool UseCompressedClassPointers               = true                                 {lp64_product} {ergonomic}
     bool UseCompressedOops                        = true                                 {lp64_product} {ergonomic}
     bool UseG1GC                                  = true                                      {product} {ergonomic}
     bool UseLargePagesIndividualAllocation        = false                                  {pd product} {ergonomic}

Logging:
Log output configuration:
 #0: stdout all=warning uptime,level,tags
 #1: stderr all=off uptime,level,tags

Environment Variables:
JAVA_HOME=C:\Program Files\ojdkbuild\java-11-openjdk-11.0.11-1
PATH=C:\VulkanSDK\1.2.176.1\Bin;C:\Program Files\ojdkbuild\java-11-openjdk-11.0.11-1\bin;C:\Program Files\ojdkbuild\java-11-openjdk-jre-11.0.11-1\bin;E:\gradle-7.0\bin;C:\Program Files\PowerShell\7\;C:\Program Files\Docker\Docker\resources\bin;C:\ProgramData\DockerDesktop\version-bin;C:\Windows\System32\OpenSSH;C:\Program Files (x86)\Launch4j;C:\Users\DonJuan\AppData\Local\Microsoft\WindowsApps;E:\Bandizip\;E:\Microsoft VS Code\bin;C:\Users\DonJuan\AppData\Local\gitkraken\bin;C:\Program Files (x86)\Rational\Common;C:\Windows\System32\OpenSSH;C:\Program Files (x86)\Launch4j;
USERNAME=DonJuan
OS=Windows_NT
PROCESSOR_IDENTIFIER=Intel64 Family 6 Model 55 Stepping 8, GenuineIntel



---------------  S Y S T E M  ---------------

OS: Windows 10 , 64 bit Build 19041 (10.0.19041.546)
OS uptime: 2 days 15:06 hours
Hyper-V role detected

CPU:total 4 (initial active 4) (4 cores per cpu, 1 threads per core) family 6 model 55 stepping 8 microcode 0x838, cmov, cx8, fxsr, mmx, sse, sse2, sse3, ssse3, sse4.1, sse4.2, popcnt, clmul, erms, 3dnowpref, tsc, tscinvbit

Memory: 4k page, system-wide physical 8073M (2625M free)
TotalPageFile size 11358M (AvailPageFile size 3877M)
current process WorkingSet (physical memory assigned to process): 501M, peak: 502M
current process commit charge ("private bytes"): 559M, peak: 559M

vm_info: OpenJDK 64-Bit Server VM (11.0.11+9-LTS) for windows-amd64 JRE (11.0.11+9-LTS), built on May  1 2021 22:09:19 by "" with MS VC++ 15.9 (VS2017)

END.
